#
# A fatal error has been detected by the Java Runtime Environment:
#
#  EXCEPTION_ACCESS_VIOLATION (0xc0000005) at pc=0x00000000778e64e9, pid=19972, tid=4624
#
# JRE version: Java(TM) SE Runtime Environment (10.0.1+10) (build 10.0.1+10)
# Java VM: Java HotSpot(TM) 64-Bit Server VM (10.0.1+10, mixed mode, tiered, compressed oops, g1 gc, windows-amd64)
# Problematic frame:
# V  [jvm.dll+0x3564e9]
#
# No core dump will be written. Minidumps are not enabled by default on client versions of Windows
#
# If you would like to submit a bug report, please visit:
#   http://bugreport.java.com/bugreport/crash.jsp
#

---------------  S U M M A R Y ------------

Command Line: -agentlib:jdwp=transport=dt_socket,suspend=y,address=localhost:54349 -Dfile.encoding=GBK RunLengthEncoding

Host: Intel(R) Core(TM) i5-7200U CPU @ 2.50GHz, 4 cores, 7G,  Windows 10 , 64 bit Build 16299 (10.0.16299.15)
Time: Thu May 10 22:48:17 2018 Eastern Daylight Time elapsed time: 21844 seconds (0d 6h 4m 4s)

---------------  T H R E A D  ---------------

Current thread (0x000001b138caa000):  VMThread "VM Thread" [stack: 0x000000196e100000,0x000000196e200000] [id=4624]

Stack: [0x000000196e100000,0x000000196e200000],  sp=0x000000196e1fed70,  free space=1019k
Native frames: (J=compiled Java code, j=interpreted, Vv=VM code, C=native code)
V  [jvm.dll+0x3564e9]
V  [jvm.dll+0x352034]
V  [jvm.dll+0x47ae2a]
V  [jvm.dll+0x47868b]
V  [jvm.dll+0x6c485c]
V  [jvm.dll+0x6c2fc5]
V  [jvm.dll+0x6c37d0]
V  [jvm.dll+0x6c3b0c]
V  [jvm.dll+0x59f680]
C  [msvcr120.dll+0x24f7f]
C  [msvcr120.dll+0x25126]
C  [KERNEL32.DLL+0x11fe4]
C  [ntdll.dll+0x6f061]


siginfo: EXCEPTION_ACCESS_VIOLATION (0xc0000005), reading address 0xffffffffffffffff


Register to memory mapping:

RIP=0x00000000778e64e9 jvm.dll
RAX=0x000001b139101d30 is pointing into metadata
RBX=0x000000000000000d is an unknown value
RCX=0x0000000000000044 is an unknown value
RDX=0x0000000000000005 is an unknown value
RSP=0x000000196e1fed70 is an unknown value
RBP=0x0000000100060830 is pointing into metadata
RSI=0x0000000000000005 is an unknown value
RDI={method} {0x000001b139101d78} 
[error occurred during error reporting (printing register info), id 0xc0000005]

Registers:
RAX=0x000001b139101d30, RBX=0x000000000000000d, RCX=0x0000000000000044, RDX=0x0000000000000005
RSP=0x000000196e1fed70, RBP=0x0000000100060830, RSI=0x0000000000000005, RDI=0x000001b139101d70
R8 =0x000001b1391009a8, R9 =0x00e601b139100128, R10=0x000000000000000f, R11=0x0000000100060030
R12=0x0000000000000000, R13=0x0000000000000000, R14=0x000001b138b74740, R15=0x000001b138b76d38
RIP=0x00000000778e64e9, EFLAGS=0x0000000000010246

Top of Stack: (sp=0x000000196e1fed70)
0x000000196e1fed70:   0000000100060030 0000000100061290
0x000000196e1fed80:   000001b138c85198 00000000000000d8
0x000000196e1fed90:   000001b139728040 00000000000083b0
0x000000196e1feda0:   000001b1391222f0 000001b139730028
0x000000196e1fedb0:   000001b138caa000 000001b1391222d0
0x000000196e1fedc0:   000001b138b45190 0000000100060030
0x000000196e1fedd0:   000001b139728040 000001b1397288d0
0x000000196e1fede0:   000001b139730028 00000001000614f0
0x000000196e1fedf0:   000000000000000d 00000000778e2034
0x000000196e1fee00:   0000000100060030 000001b1391222d0
0x000000196e1fee10:   000001b100000003 000001b100000002
0x000000196e1fee20:   00000000000083b0 00000000778e8e92
0x000000196e1fee30:   000000196ebff4f0 00000001000614f0
0x000000196e1fee40:   000001b138caa000 000001b139730028
0x000000196e1fee50:   0000000000000000 0000000000000000
0x000000196e1fee60:   0000000000000000 0000000077a0ae2a 

Instructions: (pc=0x00000000778e64e9)
0x00000000778e64c9:   c0 08 0f 1f 44 00 00 49 8b 38 8b 47 20 c1 e8 11
0x00000000778e64d9:   a8 01 75 1e 48 8b 47 08 4c 8b 48 08 0f b7 48 2a
0x00000000778e64e9:   4d 39 74 c9 40 75 0b 0f b7 48 2c 4d 39 7c c9 40
0x00000000778e64f9:   74 10 48 ff c2 ff c6 49 83 c0 08 49 3b d2 7c c7 


VM_Operation (0x000000196ebff4f0): RedefineClasses, mode: safepoint, requested by thread 0x000001b1397fe000, redefining class RunLengthEncoding



---------------  P R O C E S S  ---------------

Threads class SMR info:
_java_thread_list=0x000001b1398213d0, length=14, elements={
0x000001b11b4fe000, 0x000001b138caf800, 0x000001b138cc4000, 0x000001b139632800,
0x000001b138cd4000, 0x000001b138ce0000, 0x000001b138cfc000, 0x000001b138cfd000,
0x000001b138cfe000, 0x000001b1397fe000, 0x000001b139807000, 0x000001b13980a800,
0x000001b13981c800, 0x000001b139829800
}

Java Threads: ( => current thread )
  0x000001b11b4fe000 JavaThread "main" [_thread_blocked, id=12192, stack(0x000000196d500000,0x000000196d600000)]
  0x000001b138caf800 JavaThread "Reference Handler" daemon [_thread_blocked, id=29652, stack(0x000000196e200000,0x000000196e300000)]
  0x000001b138cc4000 JavaThread "Finalizer" daemon [_thread_blocked, id=26360, stack(0x000000196e300000,0x000000196e400000)]
  0x000001b139632800 JavaThread "Signal Dispatcher" daemon [_thread_blocked, id=32332, stack(0x000000196e500000,0x000000196e600000)]
  0x000001b138cd4000 JavaThread "Attach Listener" daemon [_thread_blocked, id=23200, stack(0x000000196e600000,0x000000196e700000)]
  0x000001b138ce0000 JavaThread "C2 CompilerThread0" daemon [_thread_blocked, id=18712, stack(0x000000196e700000,0x000000196e800000)]
  0x000001b138cfc000 JavaThread "C2 CompilerThread1" daemon [_thread_blocked, id=22776, stack(0x000000196e800000,0x000000196e900000)]
  0x000001b138cfd000 JavaThread "C1 CompilerThread2" daemon [_thread_blocked, id=19992, stack(0x000000196e900000,0x000000196ea00000)]
  0x000001b138cfe000 JavaThread "Sweeper thread" daemon [_thread_blocked, id=7532, stack(0x000000196ea00000,0x000000196eb00000)]
  0x000001b1397fe000 JavaThread "JDWP Transport Listener: dt_socket" daemon [_thread_blocked, id=10308, stack(0x000000196eb00000,0x000000196ec00000)]
  0x000001b139807000 JavaThread "JDWP Event Helper Thread" daemon [_thread_blocked, id=14676, stack(0x000000196ec00000,0x000000196ed00000)]
  0x000001b13980a800 JavaThread "JDWP Command Reader" daemon [_thread_in_native, id=31860, stack(0x000000196ed00000,0x000000196ee00000)]
  0x000001b13981c800 JavaThread "Service Thread" daemon [_thread_blocked, id=31980, stack(0x000000196ee00000,0x000000196ef00000)]
  0x000001b139829800 JavaThread "Common-Cleaner" daemon [_thread_blocked, id=16040, stack(0x000000196ef00000,0x000000196f000000)]

Other Threads:
=>0x000001b138caa000 VMThread "VM Thread" [stack: 0x000000196e100000,0x000000196e200000] [id=4624]
  0x000001b13982e800 WatcherThread [stack: 0x000000196f000000,0x000000196f100000] [id=8664]
  0x000001b11b516000 GCTaskThread "GC Thread#0" [stack: 0x000000196d600000,0x000000196d700000] [id=30320]
  0x000001b11b518800 GCTaskThread "GC Thread#1" [stack: 0x000000196d700000,0x000000196d800000] [id=20848]
  0x000001b11b51c000 GCTaskThread "GC Thread#2" [stack: 0x000000196d800000,0x000000196d900000] [id=12576]
  0x000001b11b51e000 GCTaskThread "GC Thread#3" [stack: 0x000000196d900000,0x000000196da00000] [id=22944]
  0x000001b11b58c800 ConcurrentGCThread "G1 Main Marker" [stack: 0x000000196da00000,0x000000196db00000] [id=26708]
  0x000001b11b58f800 ConcurrentGCThread "G1 Conc#0" [stack: 0x000000196db00000,0x000000196dc00000] [id=32188]
  0x000001b138b32800 ConcurrentGCThread "G1 Refine#0" [stack: 0x000000196dc00000,0x000000196dd00000] [id=29832]
  0x000001b138b33000 ConcurrentGCThread "G1 Refine#1" [stack: 0x000000196dd00000,0x000000196de00000] [id=6968]
  0x000001b138b36000 ConcurrentGCThread "G1 Refine#2" [stack: 0x000000196de00000,0x000000196df00000] [id=18592]
  0x000001b138b38000 ConcurrentGCThread "G1 Refine#3" [stack: 0x000000196df00000,0x000000196e000000] [id=6956]
  0x000001b138b41000 ConcurrentGCThread "G1 Young RemSet Sampling" [stack: 0x000000196e000000,0x000000196e100000] [id=2052]

Threads with active compile tasks:

VM state:at safepoint (normal execution)

VM Mutex/Monitor currently owned by a thread:  ([mutex/lock_event])
[0x000001b11b4fd670] Threads_lock - owner thread: 0x000001b138caa000

Heap address: 0x0000000081e00000, size: 2018 MB, Compressed Oops mode: 32-bit
Narrow klass base: 0x0000000000000000, Narrow klass shift: 3
Compressed class space size: 1073741824 Address: 0x0000000100000000

Heap:
 garbage-first heap   total 131072K, used 1024K [0x0000000081e00000, 0x0000000100000000)
  region size 1024K, 2 young (2048K), 0 survivors (0K)
 Metaspace       used 3690K, capacity 4758K, committed 5120K, reserved 1056768K
  class space    used 336K, capacity 390K, committed 512K, reserved 1048576K
Heap Regions: E=young(eden), S=young(survivor), O=old, HS=humongous(starts), HC=humongous(continues), CS=collection set, F=free, A=archive, TS=gc time stamp, AC=allocation context, TAMS=top-at-mark-start (previous, next)
|   0|0x0000000081e00000, 0x0000000081e00000, 0x0000000081f00000|  0%| F|  |TS  0|AC  0|TAMS 0x0000000081e00000, 0x0000000081e00000|
|   1|0x0000000081f00000, 0x0000000081f00000, 0x0000000082000000|  0%| F|  |TS  0|AC  0|TAMS 0x0000000081f00000, 0x0000000081f00000|
|   2|0x0000000082000000, 0x0000000082000000, 0x0000000082100000|  0%| F|  |TS  0|AC  0|TAMS 0x0000000082000000, 0x0000000082000000|
|   3|0x0000000082100000, 0x0000000082100000, 0x0000000082200000|  0%| F|  |TS  0|AC  0|TAMS 0x0000000082100000, 0x0000000082100000|
|   4|0x0000000082200000, 0x0000000082200000, 0x0000000082300000|  0%| F|  |TS  0|AC  0|TAMS 0x0000000082200000, 0x0000000082200000|
|   5|0x0000000082300000, 0x0000000082300000, 0x0000000082400000|  0%| F|  |TS  0|AC  0|TAMS 0x0000000082300000, 0x0000000082300000|
|   6|0x0000000082400000, 0x0000000082400000, 0x0000000082500000|  0%| F|  |TS  0|AC  0|TAMS 0x0000000082400000, 0x0000000082400000|
|   7|0x0000000082500000, 0x0000000082500000, 0x0000000082600000|  0%| F|  |TS  0|AC  0|TAMS 0x0000000082500000, 0x0000000082500000|
|   8|0x0000000082600000, 0x0000000082600000, 0x0000000082700000|  0%| F|  |TS  0|AC  0|TAMS 0x0000000082600000, 0x0000000082600000|
|   9|0x0000000082700000, 0x0000000082700000, 0x0000000082800000|  0%| F|  |TS  0|AC  0|TAMS 0x0000000082700000, 0x0000000082700000|
|  10|0x0000000082800000, 0x0000000082800000, 0x0000000082900000|  0%| F|  |TS  0|AC  0|TAMS 0x0000000082800000, 0x0000000082800000|
|  11|0x0000000082900000, 0x0000000082900000, 0x0000000082a00000|  0%| F|  |TS  0|AC  0|TAMS 0x0000000082900000, 0x0000000082900000|
|  12|0x0000000082a00000, 0x0000000082a00000, 0x0000000082b00000|  0%| F|  |TS  0|AC  0|TAMS 0x0000000082a00000, 0x0000000082a00000|
|  13|0x0000000082b00000, 0x0000000082b00000, 0x0000000082c00000|  0%| F|  |TS  0|AC  0|TAMS 0x0000000082b00000, 0x0000000082b00000|
|  14|0x0000000082c00000, 0x0000000082c00000, 0x0000000082d00000|  0%| F|  |TS  0|AC  0|TAMS 0x0000000082c00000, 0x0000000082c00000|
|  15|0x0000000082d00000, 0x0000000082d00000, 0x0000000082e00000|  0%| F|  |TS  0|AC  0|TAMS 0x0000000082d00000, 0x0000000082d00000|
|  16|0x0000000082e00000, 0x0000000082e00000, 0x0000000082f00000|  0%| F|  |TS  0|AC  0|TAMS 0x0000000082e00000, 0x0000000082e00000|
|  17|0x0000000082f00000, 0x0000000082f00000, 0x0000000083000000|  0%| F|  |TS  0|AC  0|TAMS 0x0000000082f00000, 0x0000000082f00000|
|  18|0x0000000083000000, 0x0000000083000000, 0x0000000083100000|  0%| F|  |TS  0|AC  0|TAMS 0x0000000083000000, 0x0000000083000000|
|  19|0x0000000083100000, 0x0000000083100000, 0x0000000083200000|  0%| F|  |TS  0|AC  0|TAMS 0x0000000083100000, 0x0000000083100000|
|  20|0x0000000083200000, 0x0000000083200000, 0x0000000083300000|  0%| F|  |TS  0|AC  0|TAMS 0x0000000083200000, 0x0000000083200000|
|  21|0x0000000083300000, 0x0000000083300000, 0x0000000083400000|  0%| F|  |TS  0|AC  0|TAMS 0x0000000083300000, 0x0000000083300000|
|  22|0x0000000083400000, 0x0000000083400000, 0x0000000083500000|  0%| F|  |TS  0|AC  0|TAMS 0x0000000083400000, 0x0000000083400000|
|  23|0x0000000083500000, 0x0000000083500000, 0x0000000083600000|  0%| F|  |TS  0|AC  0|TAMS 0x0000000083500000, 0x0000000083500000|
|  24|0x0000000083600000, 0x0000000083600000, 0x0000000083700000|  0%| F|  |TS  0|AC  0|TAMS 0x0000000083600000, 0x0000000083600000|
|  25|0x0000000083700000, 0x0000000083700000, 0x0000000083800000|  0%| F|  |TS  0|AC  0|TAMS 0x0000000083700000, 0x0000000083700000|
|  26|0x0000000083800000, 0x0000000083800000, 0x0000000083900000|  0%| F|  |TS  0|AC  0|TAMS 0x0000000083800000, 0x0000000083800000|
|  27|0x0000000083900000, 0x0000000083900000, 0x0000000083a00000|  0%| F|  |TS  0|AC  0|TAMS 0x0000000083900000, 0x0000000083900000|
|  28|0x0000000083a00000, 0x0000000083a00000, 0x0000000083b00000|  0%| F|  |TS  0|AC  0|TAMS 0x0000000083a00000, 0x0000000083a00000|
|  29|0x0000000083b00000, 0x0000000083b00000, 0x0000000083c00000|  0%| F|  |TS  0|AC  0|TAMS 0x0000000083b00000, 0x0000000083b00000|
|  30|0x0000000083c00000, 0x0000000083c00000, 0x0000000083d00000|  0%| F|  |TS  0|AC  0|TAMS 0x0000000083c00000, 0x0000000083c00000|
|  31|0x0000000083d00000, 0x0000000083d00000, 0x0000000083e00000|  0%| F|  |TS  0|AC  0|TAMS 0x0000000083d00000, 0x0000000083d00000|
|  32|0x0000000083e00000, 0x0000000083e00000, 0x0000000083f00000|  0%| F|  |TS  0|AC  0|TAMS 0x0000000083e00000, 0x0000000083e00000|
|  33|0x0000000083f00000, 0x0000000083f00000, 0x0000000084000000|  0%| F|  |TS  0|AC  0|TAMS 0x0000000083f00000, 0x0000000083f00000|
|  34|0x0000000084000000, 0x0000000084000000, 0x0000000084100000|  0%| F|  |TS  0|AC  0|TAMS 0x0000000084000000, 0x0000000084000000|
|  35|0x0000000084100000, 0x0000000084100000, 0x0000000084200000|  0%| F|  |TS  0|AC  0|TAMS 0x0000000084100000, 0x0000000084100000|
|  36|0x0000000084200000, 0x0000000084200000, 0x0000000084300000|  0%| F|  |TS  0|AC  0|TAMS 0x0000000084200000, 0x0000000084200000|
|  37|0x0000000084300000, 0x0000000084300000, 0x0000000084400000|  0%| F|  |TS  0|AC  0|TAMS 0x0000000084300000, 0x0000000084300000|
|  38|0x0000000084400000, 0x0000000084400000, 0x0000000084500000|  0%| F|  |TS  0|AC  0|TAMS 0x0000000084400000, 0x0000000084400000|
|  39|0x0000000084500000, 0x0000000084500000, 0x0000000084600000|  0%| F|  |TS  0|AC  0|TAMS 0x0000000084500000, 0x0000000084500000|
|  40|0x0000000084600000, 0x0000000084600000, 0x0000000084700000|  0%| F|  |TS  0|AC  0|TAMS 0x0000000084600000, 0x0000000084600000|
|  41|0x0000000084700000, 0x0000000084700000, 0x0000000084800000|  0%| F|  |TS  0|AC  0|TAMS 0x0000000084700000, 0x0000000084700000|
|  42|0x0000000084800000, 0x0000000084800000, 0x0000000084900000|  0%| F|  |TS  0|AC  0|TAMS 0x0000000084800000, 0x0000000084800000|
|  43|0x0000000084900000, 0x0000000084900000, 0x0000000084a00000|  0%| F|  |TS  0|AC  0|TAMS 0x0000000084900000, 0x0000000084900000|
|  44|0x0000000084a00000, 0x0000000084a00000, 0x0000000084b00000|  0%| F|  |TS  0|AC  0|TAMS 0x0000000084a00000, 0x0000000084a00000|
|  45|0x0000000084b00000, 0x0000000084b00000, 0x0000000084c00000|  0%| F|  |TS  0|AC  0|TAMS 0x0000000084b00000, 0x0000000084b00000|
|  46|0x0000000084c00000, 0x0000000084c00000, 0x0000000084d00000|  0%| F|  |TS  0|AC  0|TAMS 0x0000000084c00000, 0x0000000084c00000|
|  47|0x0000000084d00000, 0x0000000084d00000, 0x0000000084e00000|  0%| F|  |TS  0|AC  0|TAMS 0x0000000084d00000, 0x0000000084d00000|
|  48|0x0000000084e00000, 0x0000000084e00000, 0x0000000084f00000|  0%| F|  |TS  0|AC  0|TAMS 0x0000000084e00000, 0x0000000084e00000|
|  49|0x0000000084f00000, 0x0000000084f00000, 0x0000000085000000|  0%| F|  |TS  0|AC  0|TAMS 0x0000000084f00000, 0x0000000084f00000|
|  50|0x0000000085000000, 0x0000000085000000, 0x0000000085100000|  0%| F|  |TS  0|AC  0|TAMS 0x0000000085000000, 0x0000000085000000|
|  51|0x0000000085100000, 0x0000000085100000, 0x0000000085200000|  0%| F|  |TS  0|AC  0|TAMS 0x0000000085100000, 0x0000000085100000|
|  52|0x0000000085200000, 0x0000000085200000, 0x0000000085300000|  0%| F|  |TS  0|AC  0|TAMS 0x0000000085200000, 0x0000000085200000|
|  53|0x0000000085300000, 0x0000000085300000, 0x0000000085400000|  0%| F|  |TS  0|AC  0|TAMS 0x0000000085300000, 0x0000000085300000|
|  54|0x0000000085400000, 0x0000000085400000, 0x0000000085500000|  0%| F|  |TS  0|AC  0|TAMS 0x0000000085400000, 0x0000000085400000|
|  55|0x0000000085500000, 0x0000000085500000, 0x0000000085600000|  0%| F|  |TS  0|AC  0|TAMS 0x0000000085500000, 0x0000000085500000|
|  56|0x0000000085600000, 0x0000000085600000, 0x0000000085700000|  0%| F|  |TS  0|AC  0|TAMS 0x0000000085600000, 0x0000000085600000|
|  57|0x0000000085700000, 0x0000000085700000, 0x0000000085800000|  0%| F|  |TS  0|AC  0|TAMS 0x0000000085700000, 0x0000000085700000|
|  58|0x0000000085800000, 0x0000000085800000, 0x0000000085900000|  0%| F|  |TS  0|AC  0|TAMS 0x0000000085800000, 0x0000000085800000|
|  59|0x0000000085900000, 0x0000000085900000, 0x0000000085a00000|  0%| F|  |TS  0|AC  0|TAMS 0x0000000085900000, 0x0000000085900000|
|  60|0x0000000085a00000, 0x0000000085a00000, 0x0000000085b00000|  0%| F|  |TS  0|AC  0|TAMS 0x0000000085a00000, 0x0000000085a00000|
|  61|0x0000000085b00000, 0x0000000085b00000, 0x0000000085c00000|  0%| F|  |TS  0|AC  0|TAMS 0x0000000085b00000, 0x0000000085b00000|
|  62|0x0000000085c00000, 0x0000000085c00000, 0x0000000085d00000|  0%| F|  |TS  0|AC  0|TAMS 0x0000000085c00000, 0x0000000085c00000|
|  63|0x0000000085d00000, 0x0000000085d00000, 0x0000000085e00000|  0%| F|  |TS  0|AC  0|TAMS 0x0000000085d00000, 0x0000000085d00000|
|  64|0x0000000085e00000, 0x0000000085e00000, 0x0000000085f00000|  0%| F|  |TS  0|AC  0|TAMS 0x0000000085e00000, 0x0000000085e00000|
|  65|0x0000000085f00000, 0x0000000085f00000, 0x0000000086000000|  0%| F|  |TS  0|AC  0|TAMS 0x0000000085f00000, 0x0000000085f00000|
|  66|0x0000000086000000, 0x0000000086000000, 0x0000000086100000|  0%| F|  |TS  0|AC  0|TAMS 0x0000000086000000, 0x0000000086000000|
|  67|0x0000000086100000, 0x0000000086100000, 0x0000000086200000|  0%| F|  |TS  0|AC  0|TAMS 0x0000000086100000, 0x0000000086100000|
|  68|0x0000000086200000, 0x0000000086200000, 0x0000000086300000|  0%| F|  |TS  0|AC  0|TAMS 0x0000000086200000, 0x0000000086200000|
|  69|0x0000000086300000, 0x0000000086300000, 0x0000000086400000|  0%| F|  |TS  0|AC  0|TAMS 0x0000000086300000, 0x0000000086300000|
|  70|0x0000000086400000, 0x0000000086400000, 0x0000000086500000|  0%| F|  |TS  0|AC  0|TAMS 0x0000000086400000, 0x0000000086400000|
|  71|0x0000000086500000, 0x0000000086500000, 0x0000000086600000|  0%| F|  |TS  0|AC  0|TAMS 0x0000000086500000, 0x0000000086500000|
|  72|0x0000000086600000, 0x0000000086600000, 0x0000000086700000|  0%| F|  |TS  0|AC  0|TAMS 0x0000000086600000, 0x0000000086600000|
|  73|0x0000000086700000, 0x0000000086700000, 0x0000000086800000|  0%| F|  |TS  0|AC  0|TAMS 0x0000000086700000, 0x0000000086700000|
|  74|0x0000000086800000, 0x0000000086800000, 0x0000000086900000|  0%| F|  |TS  0|AC  0|TAMS 0x0000000086800000, 0x0000000086800000|
|  75|0x0000000086900000, 0x0000000086900000, 0x0000000086a00000|  0%| F|  |TS  0|AC  0|TAMS 0x0000000086900000, 0x0000000086900000|
|  76|0x0000000086a00000, 0x0000000086a00000, 0x0000000086b00000|  0%| F|  |TS  0|AC  0|TAMS 0x0000000086a00000, 0x0000000086a00000|
|  77|0x0000000086b00000, 0x0000000086b00000, 0x0000000086c00000|  0%| F|  |TS  0|AC  0|TAMS 0x0000000086b00000, 0x0000000086b00000|
|  78|0x0000000086c00000, 0x0000000086c00000, 0x0000000086d00000|  0%| F|  |TS  0|AC  0|TAMS 0x0000000086c00000, 0x0000000086c00000|
|  79|0x0000000086d00000, 0x0000000086d00000, 0x0000000086e00000|  0%| F|  |TS  0|AC  0|TAMS 0x0000000086d00000, 0x0000000086d00000|
|  80|0x0000000086e00000, 0x0000000086e00000, 0x0000000086f00000|  0%| F|  |TS  0|AC  0|TAMS 0x0000000086e00000, 0x0000000086e00000|
|  81|0x0000000086f00000, 0x0000000086f00000, 0x0000000087000000|  0%| F|  |TS  0|AC  0|TAMS 0x0000000086f00000, 0x0000000086f00000|
|  82|0x0000000087000000, 0x0000000087000000, 0x0000000087100000|  0%| F|  |TS  0|AC  0|TAMS 0x0000000087000000, 0x0000000087000000|
|  83|0x0000000087100000, 0x0000000087100000, 0x0000000087200000|  0%| F|  |TS  0|AC  0|TAMS 0x0000000087100000, 0x0000000087100000|
|  84|0x0000000087200000, 0x0000000087200000, 0x0000000087300000|  0%| F|  |TS  0|AC  0|TAMS 0x0000000087200000, 0x0000000087200000|
|  85|0x0000000087300000, 0x0000000087300000, 0x0000000087400000|  0%| F|  |TS  0|AC  0|TAMS 0x0000000087300000, 0x0000000087300000|
|  86|0x0000000087400000, 0x0000000087400000, 0x0000000087500000|  0%| F|  |TS  0|AC  0|TAMS 0x0000000087400000, 0x0000000087400000|
|  87|0x0000000087500000, 0x0000000087500000, 0x0000000087600000|  0%| F|  |TS  0|AC  0|TAMS 0x0000000087500000, 0x0000000087500000|
|  88|0x0000000087600000, 0x0000000087600000, 0x0000000087700000|  0%| F|  |TS  0|AC  0|TAMS 0x0000000087600000, 0x0000000087600000|
|  89|0x0000000087700000, 0x0000000087700000, 0x0000000087800000|  0%| F|  |TS  0|AC  0|TAMS 0x0000000087700000, 0x0000000087700000|
|  90|0x0000000087800000, 0x0000000087800000, 0x0000000087900000|  0%| F|  |TS  0|AC  0|TAMS 0x0000000087800000, 0x0000000087800000|
|  91|0x0000000087900000, 0x0000000087900000, 0x0000000087a00000|  0%| F|  |TS  0|AC  0|TAMS 0x0000000087900000, 0x0000000087900000|
|  92|0x0000000087a00000, 0x0000000087a00000, 0x0000000087b00000|  0%| F|  |TS  0|AC  0|TAMS 0x0000000087a00000, 0x0000000087a00000|
|  93|0x0000000087b00000, 0x0000000087b00000, 0x0000000087c00000|  0%| F|  |TS  0|AC  0|TAMS 0x0000000087b00000, 0x0000000087b00000|
|  94|0x0000000087c00000, 0x0000000087c00000, 0x0000000087d00000|  0%| F|  |TS  0|AC  0|TAMS 0x0000000087c00000, 0x0000000087c00000|
|  95|0x0000000087d00000, 0x0000000087d00000, 0x0000000087e00000|  0%| F|  |TS  0|AC  0|TAMS 0x0000000087d00000, 0x0000000087d00000|
|  96|0x0000000087e00000, 0x0000000087e00000, 0x0000000087f00000|  0%| F|  |TS  0|AC  0|TAMS 0x0000000087e00000, 0x0000000087e00000|
|  97|0x0000000087f00000, 0x0000000087f00000, 0x0000000088000000|  0%| F|  |TS  0|AC  0|TAMS 0x0000000087f00000, 0x0000000087f00000|
|  98|0x0000000088000000, 0x0000000088000000, 0x0000000088100000|  0%| F|  |TS  0|AC  0|TAMS 0x0000000088000000, 0x0000000088000000|
|  99|0x0000000088100000, 0x0000000088100000, 0x0000000088200000|  0%| F|  |TS  0|AC  0|TAMS 0x0000000088100000, 0x0000000088100000|
| 100|0x0000000088200000, 0x0000000088200000, 0x0000000088300000|  0%| F|  |TS  0|AC  0|TAMS 0x0000000088200000, 0x0000000088200000|
| 101|0x0000000088300000, 0x0000000088300000, 0x0000000088400000|  0%| F|  |TS  0|AC  0|TAMS 0x0000000088300000, 0x0000000088300000|
| 102|0x0000000088400000, 0x0000000088400000, 0x0000000088500000|  0%| F|  |TS  0|AC  0|TAMS 0x0000000088400000, 0x0000000088400000|
| 103|0x0000000088500000, 0x0000000088500000, 0x0000000088600000|  0%| F|  |TS  0|AC  0|TAMS 0x0000000088500000, 0x0000000088500000|
| 104|0x0000000088600000, 0x0000000088600000, 0x0000000088700000|  0%| F|  |TS  0|AC  0|TAMS 0x0000000088600000, 0x0000000088600000|
| 105|0x0000000088700000, 0x0000000088700000, 0x0000000088800000|  0%| F|  |TS  0|AC  0|TAMS 0x0000000088700000, 0x0000000088700000|
| 106|0x0000000088800000, 0x0000000088800000, 0x0000000088900000|  0%| F|  |TS  0|AC  0|TAMS 0x0000000088800000, 0x0000000088800000|
| 107|0x0000000088900000, 0x0000000088900000, 0x0000000088a00000|  0%| F|  |TS  0|AC  0|TAMS 0x0000000088900000, 0x0000000088900000|
| 108|0x0000000088a00000, 0x0000000088a00000, 0x0000000088b00000|  0%| F|  |TS  0|AC  0|TAMS 0x0000000088a00000, 0x0000000088a00000|
| 109|0x0000000088b00000, 0x0000000088b00000, 0x0000000088c00000|  0%| F|  |TS  0|AC  0|TAMS 0x0000000088b00000, 0x0000000088b00000|
| 110|0x0000000088c00000, 0x0000000088c00000, 0x0000000088d00000|  0%| F|  |TS  0|AC  0|TAMS 0x0000000088c00000, 0x0000000088c00000|
| 111|0x0000000088d00000, 0x0000000088d00000, 0x0000000088e00000|  0%| F|  |TS  0|AC  0|TAMS 0x0000000088d00000, 0x0000000088d00000|
| 112|0x0000000088e00000, 0x0000000088e00000, 0x0000000088f00000|  0%| F|  |TS  0|AC  0|TAMS 0x0000000088e00000, 0x0000000088e00000|
| 113|0x0000000088f00000, 0x0000000088f00000, 0x0000000089000000|  0%| F|  |TS  0|AC  0|TAMS 0x0000000088f00000, 0x0000000088f00000|
| 114|0x0000000089000000, 0x0000000089000000, 0x0000000089100000|  0%| F|  |TS  0|AC  0|TAMS 0x0000000089000000, 0x0000000089000000|
| 115|0x0000000089100000, 0x0000000089100000, 0x0000000089200000|  0%| F|  |TS  0|AC  0|TAMS 0x0000000089100000, 0x0000000089100000|
| 116|0x0000000089200000, 0x0000000089200000, 0x0000000089300000|  0%| F|  |TS  0|AC  0|TAMS 0x0000000089200000, 0x0000000089200000|
| 117|0x0000000089300000, 0x0000000089300000, 0x0000000089400000|  0%| F|  |TS  0|AC  0|TAMS 0x0000000089300000, 0x0000000089300000|
| 118|0x0000000089400000, 0x0000000089400000, 0x0000000089500000|  0%| F|  |TS  0|AC  0|TAMS 0x0000000089400000, 0x0000000089400000|
| 119|0x0000000089500000, 0x0000000089500000, 0x0000000089600000|  0%| F|  |TS  0|AC  0|TAMS 0x0000000089500000, 0x0000000089500000|
| 120|0x0000000089600000, 0x0000000089600000, 0x0000000089700000|  0%| F|  |TS  0|AC  0|TAMS 0x0000000089600000, 0x0000000089600000|
| 121|0x0000000089700000, 0x0000000089700000, 0x0000000089800000|  0%| F|  |TS  0|AC  0|TAMS 0x0000000089700000, 0x0000000089700000|
| 122|0x0000000089800000, 0x0000000089800000, 0x0000000089900000|  0%| F|  |TS  0|AC  0|TAMS 0x0000000089800000, 0x0000000089800000|
| 123|0x0000000089900000, 0x0000000089900000, 0x0000000089a00000|  0%| F|  |TS  0|AC  0|TAMS 0x0000000089900000, 0x0000000089900000|
| 124|0x0000000089a00000, 0x0000000089a00000, 0x0000000089b00000|  0%| F|  |TS  0|AC  0|TAMS 0x0000000089a00000, 0x0000000089a00000|
| 125|0x0000000089b00000, 0x0000000089b00000, 0x0000000089c00000|  0%| F|  |TS  0|AC  0|TAMS 0x0000000089b00000, 0x0000000089b00000|
| 126|0x0000000089c00000, 0x0000000089c97a20, 0x0000000089d00000| 59%| E|  |TS  0|AC  0|TAMS 0x0000000089c00000, 0x0000000089c00000|
| 127|0x0000000089d00000, 0x0000000089e00000, 0x0000000089e00000|100%| E|CS|TS  0|AC  0|TAMS 0x0000000089d00000, 0x0000000089d00000|

Card table byte_map: [0x000001b1320b0000,0x000001b1324b0000] byte_map_base: 0x000001b131ca1000

Marking Bits (Prev, Next): (CMBitMap*) 0x000001b11b58bb80, (CMBitMap*) 0x000001b11b58bbb8
 Prev Bits: [0x000001b1328b0000, 0x000001b134838000)
 Next Bits: [0x000001b134840000, 0x000001b1367c8000)

Polling page: 0x000001b116eb0000

CodeHeap 'non-profiled nmethods': size=120064Kb used=32Kb max_used=32Kb free=120031Kb
 bounds [0x000001b12a770000, 0x000001b12a9e0000, 0x000001b131cb0000]
CodeHeap 'profiled nmethods': size=120000Kb used=147Kb max_used=147Kb free=119852Kb
 bounds [0x000001b123240000, 0x000001b1234b0000, 0x000001b12a770000]
CodeHeap 'non-nmethods': size=5696Kb used=1071Kb max_used=1088Kb free=4625Kb
 bounds [0x000001b122cb0000, 0x000001b122f20000, 0x000001b123240000]
 total_blobs=411 nmethods=115 adapters=159
 compilation: enabled

Compilation events (10 events):
Event: 0.351 Thread 0x000001b138cfd000  109       3       sun.nio.fs.WindowsPathParser::isInvalidPathChar (22 bytes)
Event: 0.351 Thread 0x000001b138cfd000 nmethod 109 0x000001b123262490 code [0x000001b123262680, 0x000001b123262a30]
Event: 7440.419 Thread 0x000001b138cfd000  111       3       java.lang.ref.ReferenceQueue::reallyPoll (65 bytes)
Event: 7440.422 Thread 0x000001b138cfd000 nmethod 111 0x000001b123262b90 code [0x000001b123262d80, 0x000001b1232632f8]
Event: 15240.492 Thread 0x000001b138cfd000  114   !   3       java.lang.ref.ReferenceQueue::remove (125 bytes)
Event: 15240.496 Thread 0x000001b138cfd000 nmethod 114 0x000001b123263410 code [0x000001b123263660, 0x000001b123263f80]
Event: 15300.493 Thread 0x000001b138cfd000  115   !   3       jdk.internal.ref.PhantomCleanable::isListEmpty (34 bytes)
Event: 15300.495 Thread 0x000001b138cfd000 nmethod 115 0x000001b123264310 code [0x000001b1232644e0, 0x000001b123264838]
Event: 15300.495 Thread 0x000001b138cfd000  116       3       jdk.internal.misc.InnocuousThread::eraseThreadLocals (23 bytes)
Event: 15300.497 Thread 0x000001b138cfd000 nmethod 116 0x000001b123264990 code [0x000001b123264b40, 0x000001b123264d98]

GC Heap History (0 events):
No events

Deoptimization events (1 events):
Event: 0.335 Thread 0x000001b11b4fe000 Uncommon trap: reason=unstable_if action=reinterpret pc=0x000001b12a774588 method=java.lang.String.hashCode()I @ 14 c2

Classes redefined (5 events):
Event: 21.566 Thread 0x000001b138caa000 redefined class name=RunLengthEncoding, count=1
Event: 20146.142 Thread 0x000001b138caa000 redefined class name=RunLengthEncoding, count=2
Event: 20824.704 Thread 0x000001b138caa000 redefined class name=RunLengthEncoding, count=3
Event: 21463.859 Thread 0x000001b138caa000 redefined class name=RunLengthEncoding, count=4
Event: 21480.801 Thread 0x000001b138caa000 redefined class name=RunLengthEncoding, count=5

Internal exceptions (0 events):
No events

Events (10 events):
Event: 21706.358 Executing VM operation: GetCurrentContendedMonitor done
Event: 21706.358 Executing VM operation: GetOwnedMonitorInfo
Event: 21706.358 Executing VM operation: GetOwnedMonitorInfo done
Event: 21706.641 Executing VM operation: GetFrameCount
Event: 21706.641 Executing VM operation: GetFrameCount done
Event: 21706.641 Executing VM operation: GetOwnedMonitorInfo
Event: 21706.641 Executing VM operation: GetOwnedMonitorInfo done
Event: 21706.641 Executing VM operation: GetCurrentContendedMonitor
Event: 21706.641 Executing VM operation: GetCurrentContendedMonitor done
Event: 21844.140 Executing VM operation: RedefineClasses


Dynamic libraries:
0x00007ff756520000 - 0x00007ff75655e000 	C:\Program Files\Java\jre-10.0.1\bin\javaw.exe
0x00007ff985690000 - 0x00007ff985870000 	C:\WINDOWS\SYSTEM32\ntdll.dll
0x00007ff985380000 - 0x00007ff98542e000 	C:\WINDOWS\System32\KERNEL32.DLL
0x00007ff982500000 - 0x00007ff982766000 	C:\WINDOWS\System32\KERNELBASE.dll
0x00007ff985260000 - 0x00007ff985301000 	C:\WINDOWS\System32\ADVAPI32.dll
0x00007ff983ae0000 - 0x00007ff983b7d000 	C:\WINDOWS\System32\msvcrt.dll
0x00007ff982d80000 - 0x00007ff982ddb000 	C:\WINDOWS\System32\sechost.dll
0x00007ff985430000 - 0x00007ff98554f000 	C:\WINDOWS\System32\RPCRT4.dll
0x00007ff9850d0000 - 0x00007ff98525f000 	C:\WINDOWS\System32\USER32.dll
0x00007ff9828c0000 - 0x00007ff9828e0000 	C:\WINDOWS\System32\win32u.dll
0x00007ff983960000 - 0x00007ff983988000 	C:\WINDOWS\System32\GDI32.dll
0x00007ff981a90000 - 0x00007ff981c23000 	C:\WINDOWS\System32\gdi32full.dll
0x00007ff982770000 - 0x00007ff98280b000 	C:\WINDOWS\System32\msvcp_win.dll
0x00007ff982400000 - 0x00007ff9824f6000 	C:\WINDOWS\System32\ucrtbase.dll
0x00007ff973490000 - 0x00007ff9736f9000 	C:\WINDOWS\WinSxS\amd64_microsoft.windows.common-controls_6595b64144ccf1df_6.0.16299.371_none_15c7d1789365a290\COMCTL32.dll
0x00007ff975140000 - 0x00007ff97514a000 	C:\WINDOWS\SYSTEM32\VERSION.dll
0x00007ff983540000 - 0x00007ff983848000 	C:\WINDOWS\System32\combase.dll
0x00007ff981c30000 - 0x00007ff981ca2000 	C:\WINDOWS\System32\bcryptPrimitives.dll
0x00007ff985560000 - 0x00007ff98558d000 	C:\WINDOWS\System32\IMM32.DLL
0x00007ff95be80000 - 0x00007ff95bf6f000 	C:\Program Files\Java\jre-10.0.1\bin\msvcr120.dll
0x00007ff9514b0000 - 0x00007ff951556000 	C:\Program Files\Java\jre-10.0.1\bin\msvcp120.dll
0x0000000077590000 - 0x0000000078000000 	C:\Program Files\Java\jre-10.0.1\bin\server\jvm.dll
0x00007ff985310000 - 0x00007ff985318000 	C:\WINDOWS\System32\PSAPI.DLL
0x00007ff97fb10000 - 0x00007ff97fb33000 	C:\WINDOWS\SYSTEM32\WINMM.dll
0x00007ff96f3b0000 - 0x00007ff96f3b9000 	C:\WINDOWS\SYSTEM32\WSOCK32.dll
0x00007ff9855f0000 - 0x00007ff98565c000 	C:\WINDOWS\System32\WS2_32.dll
0x00007ff97fae0000 - 0x00007ff97fb0a000 	C:\WINDOWS\SYSTEM32\WINMMBASE.dll
0x00007ff982940000 - 0x00007ff98298a000 	C:\WINDOWS\System32\cfgmgr32.dll
0x00007ff97fba0000 - 0x00007ff97fbaf000 	C:\Program Files\Java\jre-10.0.1\bin\verify.dll
0x00007ff980600000 - 0x00007ff9807c8000 	C:\WINDOWS\SYSTEM32\DBGHELP.DLL
0x00007ff972220000 - 0x00007ff972249000 	C:\WINDOWS\SYSTEM32\dbgcore.DLL
0x00007ff9714c0000 - 0x00007ff9714e7000 	C:\Program Files\Java\jre-10.0.1\bin\java.dll
0x00007ff96e790000 - 0x00007ff96e7c6000 	C:\Program Files\Java\jre-10.0.1\bin\jdwp.dll
0x00007ff976d30000 - 0x00007ff976d46000 	C:\Program Files\Java\jre-10.0.1\bin\zip.dll
0x00007ff97d920000 - 0x00007ff97d92a000 	C:\Program Files\Java\jre-10.0.1\bin\jimage.dll
0x00007ff983b80000 - 0x00007ff984fb6000 	C:\WINDOWS\System32\SHELL32.dll
0x00007ff983850000 - 0x00007ff9838f6000 	C:\WINDOWS\System32\shcore.dll
0x00007ff981cb0000 - 0x00007ff9823f7000 	C:\WINDOWS\System32\windows.storage.dll
0x00007ff985590000 - 0x00007ff9855e1000 	C:\WINDOWS\System32\shlwapi.dll
0x00007ff981a30000 - 0x00007ff981a41000 	C:\WINDOWS\System32\kernel.appcore.dll
0x00007ff9819e0000 - 0x00007ff981a2c000 	C:\WINDOWS\System32\powrprof.dll
0x00007ff981a50000 - 0x00007ff981a6b000 	C:\WINDOWS\System32\profapi.dll
0x00007ff976c20000 - 0x00007ff976c2a000 	C:\Program Files\Java\jre-10.0.1\bin\dt_socket.dll
0x00007ff981210000 - 0x00007ff981276000 	C:\WINDOWS\System32\mswsock.dll
0x00007ff980fe0000 - 0x00007ff981096000 	C:\WINDOWS\SYSTEM32\DNSAPI.dll
0x00007ff985550000 - 0x00007ff985558000 	C:\WINDOWS\System32\NSI.dll
0x00007ff980fa0000 - 0x00007ff980fd9000 	C:\WINDOWS\SYSTEM32\IPHLPAPI.DLL
0x00007ff97acb0000 - 0x00007ff97ad20000 	C:\WINDOWS\System32\fwpuclnt.dll
0x00007ff9814e0000 - 0x00007ff981505000 	C:\WINDOWS\SYSTEM32\bcrypt.dll
0x00007ff97a950000 - 0x00007ff97a95a000 	C:\Windows\System32\rasadhlp.dll

dbghelp: loaded successfully - version: 4.0.5 - missing functions: none
symbol engine: initialized successfully - sym options: 0x614 - pdb path: .;C:\Program Files\Java\jre-10.0.1\bin;C:\WINDOWS\SYSTEM32;C:\WINDOWS\WinSxS\amd64_microsoft.windows.common-controls_6595b64144ccf1df_6.0.16299.371_none_15c7d1789365a290;C:\Program Files\Java\jre-10.0.1\bin\server

VM Arguments:
jvm_args: -agentlib:jdwp=transport=dt_socket,suspend=y,address=localhost:54349 -Dfile.encoding=GBK 
java_command: RunLengthEncoding
java_class_path (initial): C:\Users\jeanb\Desktop\OnlineCourses\UCBerkely_CS61B_Data_Structures\Homework and Projects\pj1;C:\Users\jeanb\Desktop\OnlineCourses\UCBerkely_CS61B_Data_Structures\Homework and Projects\pj1\jai_codec.jar;C:\Users\jeanb\Desktop\OnlineCourses\UCBerkely_CS61B_Data_Structures\Homework and Projects\pj1\jai_core.jar
Launcher Type: SUN_STANDARD

Logging:
Log output configuration:
#0: stdout all=warning uptime,level,tags
#1: stderr all=off uptime,level,tags

Environment Variables:
JAVA_HOME=C:\Program Files\Java\jdk-10.0.1
PATH=C:\Program Files (x86)\Common Files\Oracle\Java\javapath;C:\Program Files\Java\jdk-10.0.1\bin;C:\Users\jeanb\AppData\Local\Programs\Python\Python36-32;C:\Program Files (x86)\Java\jre1.8.0_171;C:\WINDOWS\system32;C:\WINDOWS;C:\WINDOWS\System32\Wbem;C:\WINDOWS\System32\WindowsPowerShell\v1.0\;C:\TDM-GCC-64\bin;C:\Program Files\Git\cmd;C:\Program Files\CMake\bin;C:\Users\jeanb\AppData\Local\Programs\Python\Python36-32;C:\Program Files\MATLAB\R2014a\runtime\win64;C:\Program Files\MATLAB\R2014a\bin;C:\Program Files\MATLAB\R2014a\polyspace\bin;"C:\Users\jeanb\AppData\Local\Microsoft\WindowsApps;C:\Program Files\CMake\bin;C:\Users\jeanb\AppData\Local\Programs\Python\Python36-32";C:\TDM-GCC-64\bin;;C:\Users\jeanb\AppData\Local\Microsoft\WindowsApps
USERNAME=jeanb
OS=Windows_NT
PROCESSOR_IDENTIFIER=Intel64 Family 6 Model 142 Stepping 9, GenuineIntel



---------------  S Y S T E M  ---------------

OS: Windows 10 , 64 bit Build 16299 (10.0.16299.15)

CPU:total 4 (initial active 4) (2 cores per cpu, 2 threads per core) family 6 model 142 stepping 9, cmov, cx8, fxsr, mmx, sse, sse2, sse3, ssse3, sse4.1, sse4.2, popcnt, avx, avx2, aes, clmul, erms, 3dnowpref, lzcnt, ht, tsc, tscinvbit, bmi1, bmi2, adx, fma

Memory: 4k page, physical 8260324k(339304k free), swap 33426148k(1694096k free)

vm_info: Java HotSpot(TM) 64-Bit Server VM (10.0.1+10) for windows-amd64 JRE (10.0.1+10), built on Mar 27 2018 02:27:48 by "mach5one" with MS VC++ 12.0 (VS2013)

END.
