#
# A fatal error has been detected by the Java Runtime Environment:
#
#  EXCEPTION_ACCESS_VIOLATION (0xc0000005) at pc=0x0000000077a0415a, pid=12024, tid=23812
#
# JRE version: Java(TM) SE Runtime Environment (10.0.1+10) (build 10.0.1+10)
# Java VM: Java HotSpot(TM) 64-Bit Server VM (10.0.1+10, mixed mode, tiered, compressed oops, g1 gc, windows-amd64)
# Problematic frame:
# V  [jvm.dll+0x47415a]
#
# No core dump will be written. Minidumps are not enabled by default on client versions of Windows
#
# If you would like to submit a bug report, please visit:
#   http://bugreport.java.com/bugreport/crash.jsp
#

---------------  S U M M A R Y ------------

Command Line: -agentlib:jdwp=transport=dt_socket,suspend=y,address=localhost:51814 -Dfile.encoding=GBK PixImage

Host: Intel(R) Core(TM) i5-7200U CPU @ 2.50GHz, 4 cores, 7G,  Windows 10 , 64 bit Build 16299 (10.0.16299.15)
Time: Sun May 06 14:43:16 2018 Eastern Daylight Time elapsed time: 1508 seconds (0d 0h 25m 8s)

---------------  T H R E A D  ---------------

Current thread (0x0000017d7fbc9800):  VMThread "VM Thread" [stack: 0x0000005e9a000000,0x0000005e9a100000] [id=23812]

Stack: [0x0000005e9a000000,0x0000005e9a100000],  sp=0x0000005e9a0ff130,  free space=1020k
Native frames: (J=compiled Java code, j=interpreted, Vv=VM code, C=native code)
V  [jvm.dll+0x47415a]
V  [jvm.dll+0x474d87]
V  [jvm.dll+0x6c485c]
V  [jvm.dll+0x6c2fc5]
V  [jvm.dll+0x6c37d0]
V  [jvm.dll+0x6c3b0c]
V  [jvm.dll+0x59f680]
C  [msvcr120.dll+0x24f7f]
C  [msvcr120.dll+0x25126]
C  [KERNEL32.DLL+0x11fe4]
C  [ntdll.dll+0x6f061]


siginfo: EXCEPTION_ACCESS_VIOLATION (0xc0000005), reading address 0xffffffffffffffff


Register to memory mapping:

RIP=0x0000000077a0415a jvm.dll
RAX=0x0000017d1aa633ca is pointing into metadata
RBX=0x0000000000000008 is an unknown value
RCX=0x000000000000017d is an unknown value
RDX=0x0000000000000012 is an unknown value
RSP=0x0000005e9a0ff130 is an unknown value
RBP=0x0000017d1b03e090 is an unknown value
RSI={method} {0x0000017d1aa634a8} 
[error occurred during error reporting (printing register info), id 0xc0000005]

Registers:
RAX=0x0000017d1aa633ca, RBX=0x0000000000000008, RCX=0x000000000000017d, RDX=0x0000000000000012
RSP=0x0000005e9a0ff130, RBP=0x0000017d1b03e090, RSI=0x0000017d1aa634a0, RDI=0x0000005e9aaff060
R8 =0x0000017d1aa60900, R9 =0x00fc010500fc0101, R10=0x0000017d7fa8e628, R11=0x0000017d7a791bb8
R12=0x0000005e9a0ff1e0, R13=0x0000017d7fa8c030, R14=0x0000017d7fb5a4a8, R15=0x0000000100060298
RIP=0x0000000077a0415a, EFLAGS=0x0000000000010202

Top of Stack: (sp=0x0000005e9a0ff130)
0x0000005e9a0ff130:   0000005e9aaff060 0000017d1b006080
0x0000005e9a0ff140:   0000017d1b006080 0000005e9aaff060
0x0000005e9a0ff150:   0000000000000000 0000017d7fa8e628
0x0000005e9a0ff160:   0000017d7a791bb8 0000000000000000
0x0000005e9a0ff170:   0000000000000000 0000017d7fb5a4a8
0x0000005e9a0ff180:   0000005e9aaff060 0000017d1b006080
0x0000005e9a0ff190:   0000017d1b03e090 00000000000003d8
0x0000005e9a0ff1a0:   0000000077f66940 0000000077d0d698
0x0000005e9a0ff1b0:   0000017d1b006140 0000000077a04d87
0x0000005e9a0ff1c0:   0000005e9aaff060 0000005e9a0ff1e0
0x0000005e9a0ff1d0:   0000017d1b006080 0000005e9aaff060
0x0000005e9a0ff1e0:   0000000077aed430 0000000000000000
0x0000005e9a0ff1f0:   0000017d7fb5a0c0 0000000077c5485c
0x0000005e9a0ff200:   0000017d7fa5cbc0 0000017d7fb5a0d0
0x0000005e9a0ff210:   0000005e9aafeff0 0000000077d76a60
0x0000005e9a0ff220:   0000000000000000 0000e63d0000000e 

Instructions: (pc=0x0000000077a0415a)
0x0000000077a0413a:   04 c1 0f 1f 40 00 49 8b 30 0f b6 46 2a c0 e8 05
0x0000000077a0414a:   a8 01 74 1e 48 8b 46 08 4c 8b 48 08 0f b7 48 2a
0x0000000077a0415a:   4d 39 6c c9 40 75 0b 0f b7 48 2c 4d 39 54 c9 40
0x0000000077a0416a:   74 0e 49 83 e8 08 48 ff ca 79 cb e9 16 01 00 00 


VM_Operation (0x0000005e9aafeff0): ChangeBreakpoints, mode: safepoint, requested by thread 0x0000017d1b020000


---------------  P R O C E S S  ---------------

Threads class SMR info:
_java_thread_list=0x0000017d1b014dc0, length=14, elements={
0x0000017d7a782800, 0x0000017d7fbca000, 0x0000017d7fbdd000, 0x0000017d1aea2800,
0x0000017d7fbf7800, 0x0000017d7fc03800, 0x0000017d7fc09800, 0x0000017d7fc12800,
0x0000017d1af02800, 0x0000017d1b020000, 0x0000017d1b022800, 0x0000017d1b025800,
0x0000017d1b039000, 0x0000017d1b043800
}

Java Threads: ( => current thread )
  0x0000017d7a782800 JavaThread "main" [_thread_blocked, id=15668, stack(0x0000005e99400000,0x0000005e99500000)]
  0x0000017d7fbca000 JavaThread "Reference Handler" daemon [_thread_blocked, id=3860, stack(0x0000005e9a100000,0x0000005e9a200000)]
  0x0000017d7fbdd000 JavaThread "Finalizer" daemon [_thread_blocked, id=10900, stack(0x0000005e9a200000,0x0000005e9a300000)]
  0x0000017d1aea2800 JavaThread "Signal Dispatcher" daemon [_thread_blocked, id=27076, stack(0x0000005e9a400000,0x0000005e9a500000)]
  0x0000017d7fbf7800 JavaThread "Attach Listener" daemon [_thread_blocked, id=31660, stack(0x0000005e9a500000,0x0000005e9a600000)]
  0x0000017d7fc03800 JavaThread "C2 CompilerThread0" daemon [_thread_blocked, id=4216, stack(0x0000005e9a600000,0x0000005e9a700000)]
  0x0000017d7fc09800 JavaThread "C2 CompilerThread1" daemon [_thread_blocked, id=14284, stack(0x0000005e9a700000,0x0000005e9a800000)]
  0x0000017d7fc12800 JavaThread "C1 CompilerThread2" daemon [_thread_blocked, id=14028, stack(0x0000005e9a800000,0x0000005e9a900000)]
  0x0000017d1af02800 JavaThread "Sweeper thread" daemon [_thread_blocked, id=15612, stack(0x0000005e9a900000,0x0000005e9aa00000)]
  0x0000017d1b020000 JavaThread "JDWP Transport Listener: dt_socket" daemon [_thread_blocked, id=29136, stack(0x0000005e9aa00000,0x0000005e9ab00000)]
  0x0000017d1b022800 JavaThread "JDWP Event Helper Thread" daemon [_thread_blocked, id=25960, stack(0x0000005e9ab00000,0x0000005e9ac00000)]
  0x0000017d1b025800 JavaThread "JDWP Command Reader" daemon [_thread_in_native, id=28696, stack(0x0000005e9ac00000,0x0000005e9ad00000)]
  0x0000017d1b039000 JavaThread "Service Thread" daemon [_thread_blocked, id=23176, stack(0x0000005e9ad00000,0x0000005e9ae00000)]
  0x0000017d1b043800 JavaThread "Common-Cleaner" daemon [_thread_blocked, id=15156, stack(0x0000005e9ae00000,0x0000005e9af00000)]

Other Threads:
=>0x0000017d7fbc9800 VMThread "VM Thread" [stack: 0x0000005e9a000000,0x0000005e9a100000] [id=23812]
  0x0000017d1b048000 WatcherThread [stack: 0x0000005e9af00000,0x0000005e9b000000] [id=7908]
  0x0000017d7a796800 GCTaskThread "GC Thread#0" [stack: 0x0000005e99500000,0x0000005e99600000] [id=11708]
  0x0000017d7a798000 GCTaskThread "GC Thread#1" [stack: 0x0000005e99600000,0x0000005e99700000] [id=14744]
  0x0000017d7a79a000 GCTaskThread "GC Thread#2" [stack: 0x0000005e99700000,0x0000005e99800000] [id=28724]
  0x0000017d7a79c800 GCTaskThread "GC Thread#3" [stack: 0x0000005e99800000,0x0000005e99900000] [id=21424]
  0x0000017d7a806800 ConcurrentGCThread "G1 Main Marker" [stack: 0x0000005e99900000,0x0000005e99a00000] [id=28088]
  0x0000017d7a80a000 ConcurrentGCThread "G1 Conc#0" [stack: 0x0000005e99a00000,0x0000005e99b00000] [id=20288]
  0x0000017d7fa50800 ConcurrentGCThread "G1 Refine#0" [stack: 0x0000005e99b00000,0x0000005e99c00000] [id=15496]
  0x0000017d7fa51800 ConcurrentGCThread "G1 Refine#1" [stack: 0x0000005e99c00000,0x0000005e99d00000] [id=6260]
  0x0000017d7fa53800 ConcurrentGCThread "G1 Refine#2" [stack: 0x0000005e99d00000,0x0000005e99e00000] [id=27260]
  0x0000017d7fa57800 ConcurrentGCThread "G1 Refine#3" [stack: 0x0000005e99e00000,0x0000005e99f00000] [id=17200]
  0x0000017d7fa59000 ConcurrentGCThread "G1 Young RemSet Sampling" [stack: 0x0000005e99f00000,0x0000005e9a000000] [id=23116]

Threads with active compile tasks:

VM state:at safepoint (normal execution)

VM Mutex/Monitor currently owned by a thread:  ([mutex/lock_event])
[0x0000017d7a7815f0] Threads_lock - owner thread: 0x0000017d7fbc9800

Heap address: 0x0000000081e00000, size: 2018 MB, Compressed Oops mode: 32-bit
Narrow klass base: 0x0000000000000000, Narrow klass shift: 3
Compressed class space size: 1073741824 Address: 0x0000000100000000

Heap:
 garbage-first heap   total 131072K, used 1024K [0x0000000081e00000, 0x0000000100000000)
  region size 1024K, 2 young (2048K), 0 survivors (0K)
 Metaspace       used 3643K, capacity 4694K, committed 4864K, reserved 1056768K
  class space    used 336K, capacity 390K, committed 512K, reserved 1048576K
Heap Regions: E=young(eden), S=young(survivor), O=old, HS=humongous(starts), HC=humongous(continues), CS=collection set, F=free, A=archive, TS=gc time stamp, AC=allocation context, TAMS=top-at-mark-start (previous, next)
|   0|0x0000000081e00000, 0x0000000081e00000, 0x0000000081f00000|  0%| F|  |TS  0|AC  0|TAMS 0x0000000081e00000, 0x0000000081e00000|
|   1|0x0000000081f00000, 0x0000000081f00000, 0x0000000082000000|  0%| F|  |TS  0|AC  0|TAMS 0x0000000081f00000, 0x0000000081f00000|
|   2|0x0000000082000000, 0x0000000082000000, 0x0000000082100000|  0%| F|  |TS  0|AC  0|TAMS 0x0000000082000000, 0x0000000082000000|
|   3|0x0000000082100000, 0x0000000082100000, 0x0000000082200000|  0%| F|  |TS  0|AC  0|TAMS 0x0000000082100000, 0x0000000082100000|
|   4|0x0000000082200000, 0x0000000082200000, 0x0000000082300000|  0%| F|  |TS  0|AC  0|TAMS 0x0000000082200000, 0x0000000082200000|
|   5|0x0000000082300000, 0x0000000082300000, 0x0000000082400000|  0%| F|  |TS  0|AC  0|TAMS 0x0000000082300000, 0x0000000082300000|
|   6|0x0000000082400000, 0x0000000082400000, 0x0000000082500000|  0%| F|  |TS  0|AC  0|TAMS 0x0000000082400000, 0x0000000082400000|
|   7|0x0000000082500000, 0x0000000082500000, 0x0000000082600000|  0%| F|  |TS  0|AC  0|TAMS 0x0000000082500000, 0x0000000082500000|
|   8|0x0000000082600000, 0x0000000082600000, 0x0000000082700000|  0%| F|  |TS  0|AC  0|TAMS 0x0000000082600000, 0x0000000082600000|
|   9|0x0000000082700000, 0x0000000082700000, 0x0000000082800000|  0%| F|  |TS  0|AC  0|TAMS 0x0000000082700000, 0x0000000082700000|
|  10|0x0000000082800000, 0x0000000082800000, 0x0000000082900000|  0%| F|  |TS  0|AC  0|TAMS 0x0000000082800000, 0x0000000082800000|
|  11|0x0000000082900000, 0x0000000082900000, 0x0000000082a00000|  0%| F|  |TS  0|AC  0|TAMS 0x0000000082900000, 0x0000000082900000|
|  12|0x0000000082a00000, 0x0000000082a00000, 0x0000000082b00000|  0%| F|  |TS  0|AC  0|TAMS 0x0000000082a00000, 0x0000000082a00000|
|  13|0x0000000082b00000, 0x0000000082b00000, 0x0000000082c00000|  0%| F|  |TS  0|AC  0|TAMS 0x0000000082b00000, 0x0000000082b00000|
|  14|0x0000000082c00000, 0x0000000082c00000, 0x0000000082d00000|  0%| F|  |TS  0|AC  0|TAMS 0x0000000082c00000, 0x0000000082c00000|
|  15|0x0000000082d00000, 0x0000000082d00000, 0x0000000082e00000|  0%| F|  |TS  0|AC  0|TAMS 0x0000000082d00000, 0x0000000082d00000|
|  16|0x0000000082e00000, 0x0000000082e00000, 0x0000000082f00000|  0%| F|  |TS  0|AC  0|TAMS 0x0000000082e00000, 0x0000000082e00000|
|  17|0x0000000082f00000, 0x0000000082f00000, 0x0000000083000000|  0%| F|  |TS  0|AC  0|TAMS 0x0000000082f00000, 0x0000000082f00000|
|  18|0x0000000083000000, 0x0000000083000000, 0x0000000083100000|  0%| F|  |TS  0|AC  0|TAMS 0x0000000083000000, 0x0000000083000000|
|  19|0x0000000083100000, 0x0000000083100000, 0x0000000083200000|  0%| F|  |TS  0|AC  0|TAMS 0x0000000083100000, 0x0000000083100000|
|  20|0x0000000083200000, 0x0000000083200000, 0x0000000083300000|  0%| F|  |TS  0|AC  0|TAMS 0x0000000083200000, 0x0000000083200000|
|  21|0x0000000083300000, 0x0000000083300000, 0x0000000083400000|  0%| F|  |TS  0|AC  0|TAMS 0x0000000083300000, 0x0000000083300000|
|  22|0x0000000083400000, 0x0000000083400000, 0x0000000083500000|  0%| F|  |TS  0|AC  0|TAMS 0x0000000083400000, 0x0000000083400000|
|  23|0x0000000083500000, 0x0000000083500000, 0x0000000083600000|  0%| F|  |TS  0|AC  0|TAMS 0x0000000083500000, 0x0000000083500000|
|  24|0x0000000083600000, 0x0000000083600000, 0x0000000083700000|  0%| F|  |TS  0|AC  0|TAMS 0x0000000083600000, 0x0000000083600000|
|  25|0x0000000083700000, 0x0000000083700000, 0x0000000083800000|  0%| F|  |TS  0|AC  0|TAMS 0x0000000083700000, 0x0000000083700000|
|  26|0x0000000083800000, 0x0000000083800000, 0x0000000083900000|  0%| F|  |TS  0|AC  0|TAMS 0x0000000083800000, 0x0000000083800000|
|  27|0x0000000083900000, 0x0000000083900000, 0x0000000083a00000|  0%| F|  |TS  0|AC  0|TAMS 0x0000000083900000, 0x0000000083900000|
|  28|0x0000000083a00000, 0x0000000083a00000, 0x0000000083b00000|  0%| F|  |TS  0|AC  0|TAMS 0x0000000083a00000, 0x0000000083a00000|
|  29|0x0000000083b00000, 0x0000000083b00000, 0x0000000083c00000|  0%| F|  |TS  0|AC  0|TAMS 0x0000000083b00000, 0x0000000083b00000|
|  30|0x0000000083c00000, 0x0000000083c00000, 0x0000000083d00000|  0%| F|  |TS  0|AC  0|TAMS 0x0000000083c00000, 0x0000000083c00000|
|  31|0x0000000083d00000, 0x0000000083d00000, 0x0000000083e00000|  0%| F|  |TS  0|AC  0|TAMS 0x0000000083d00000, 0x0000000083d00000|
|  32|0x0000000083e00000, 0x0000000083e00000, 0x0000000083f00000|  0%| F|  |TS  0|AC  0|TAMS 0x0000000083e00000, 0x0000000083e00000|
|  33|0x0000000083f00000, 0x0000000083f00000, 0x0000000084000000|  0%| F|  |TS  0|AC  0|TAMS 0x0000000083f00000, 0x0000000083f00000|
|  34|0x0000000084000000, 0x0000000084000000, 0x0000000084100000|  0%| F|  |TS  0|AC  0|TAMS 0x0000000084000000, 0x0000000084000000|
|  35|0x0000000084100000, 0x0000000084100000, 0x0000000084200000|  0%| F|  |TS  0|AC  0|TAMS 0x0000000084100000, 0x0000000084100000|
|  36|0x0000000084200000, 0x0000000084200000, 0x0000000084300000|  0%| F|  |TS  0|AC  0|TAMS 0x0000000084200000, 0x0000000084200000|
|  37|0x0000000084300000, 0x0000000084300000, 0x0000000084400000|  0%| F|  |TS  0|AC  0|TAMS 0x0000000084300000, 0x0000000084300000|
|  38|0x0000000084400000, 0x0000000084400000, 0x0000000084500000|  0%| F|  |TS  0|AC  0|TAMS 0x0000000084400000, 0x0000000084400000|
|  39|0x0000000084500000, 0x0000000084500000, 0x0000000084600000|  0%| F|  |TS  0|AC  0|TAMS 0x0000000084500000, 0x0000000084500000|
|  40|0x0000000084600000, 0x0000000084600000, 0x0000000084700000|  0%| F|  |TS  0|AC  0|TAMS 0x0000000084600000, 0x0000000084600000|
|  41|0x0000000084700000, 0x0000000084700000, 0x0000000084800000|  0%| F|  |TS  0|AC  0|TAMS 0x0000000084700000, 0x0000000084700000|
|  42|0x0000000084800000, 0x0000000084800000, 0x0000000084900000|  0%| F|  |TS  0|AC  0|TAMS 0x0000000084800000, 0x0000000084800000|
|  43|0x0000000084900000, 0x0000000084900000, 0x0000000084a00000|  0%| F|  |TS  0|AC  0|TAMS 0x0000000084900000, 0x0000000084900000|
|  44|0x0000000084a00000, 0x0000000084a00000, 0x0000000084b00000|  0%| F|  |TS  0|AC  0|TAMS 0x0000000084a00000, 0x0000000084a00000|
|  45|0x0000000084b00000, 0x0000000084b00000, 0x0000000084c00000|  0%| F|  |TS  0|AC  0|TAMS 0x0000000084b00000, 0x0000000084b00000|
|  46|0x0000000084c00000, 0x0000000084c00000, 0x0000000084d00000|  0%| F|  |TS  0|AC  0|TAMS 0x0000000084c00000, 0x0000000084c00000|
|  47|0x0000000084d00000, 0x0000000084d00000, 0x0000000084e00000|  0%| F|  |TS  0|AC  0|TAMS 0x0000000084d00000, 0x0000000084d00000|
|  48|0x0000000084e00000, 0x0000000084e00000, 0x0000000084f00000|  0%| F|  |TS  0|AC  0|TAMS 0x0000000084e00000, 0x0000000084e00000|
|  49|0x0000000084f00000, 0x0000000084f00000, 0x0000000085000000|  0%| F|  |TS  0|AC  0|TAMS 0x0000000084f00000, 0x0000000084f00000|
|  50|0x0000000085000000, 0x0000000085000000, 0x0000000085100000|  0%| F|  |TS  0|AC  0|TAMS 0x0000000085000000, 0x0000000085000000|
|  51|0x0000000085100000, 0x0000000085100000, 0x0000000085200000|  0%| F|  |TS  0|AC  0|TAMS 0x0000000085100000, 0x0000000085100000|
|  52|0x0000000085200000, 0x0000000085200000, 0x0000000085300000|  0%| F|  |TS  0|AC  0|TAMS 0x0000000085200000, 0x0000000085200000|
|  53|0x0000000085300000, 0x0000000085300000, 0x0000000085400000|  0%| F|  |TS  0|AC  0|TAMS 0x0000000085300000, 0x0000000085300000|
|  54|0x0000000085400000, 0x0000000085400000, 0x0000000085500000|  0%| F|  |TS  0|AC  0|TAMS 0x0000000085400000, 0x0000000085400000|
|  55|0x0000000085500000, 0x0000000085500000, 0x0000000085600000|  0%| F|  |TS  0|AC  0|TAMS 0x0000000085500000, 0x0000000085500000|
|  56|0x0000000085600000, 0x0000000085600000, 0x0000000085700000|  0%| F|  |TS  0|AC  0|TAMS 0x0000000085600000, 0x0000000085600000|
|  57|0x0000000085700000, 0x0000000085700000, 0x0000000085800000|  0%| F|  |TS  0|AC  0|TAMS 0x0000000085700000, 0x0000000085700000|
|  58|0x0000000085800000, 0x0000000085800000, 0x0000000085900000|  0%| F|  |TS  0|AC  0|TAMS 0x0000000085800000, 0x0000000085800000|
|  59|0x0000000085900000, 0x0000000085900000, 0x0000000085a00000|  0%| F|  |TS  0|AC  0|TAMS 0x0000000085900000, 0x0000000085900000|
|  60|0x0000000085a00000, 0x0000000085a00000, 0x0000000085b00000|  0%| F|  |TS  0|AC  0|TAMS 0x0000000085a00000, 0x0000000085a00000|
|  61|0x0000000085b00000, 0x0000000085b00000, 0x0000000085c00000|  0%| F|  |TS  0|AC  0|TAMS 0x0000000085b00000, 0x0000000085b00000|
|  62|0x0000000085c00000, 0x0000000085c00000, 0x0000000085d00000|  0%| F|  |TS  0|AC  0|TAMS 0x0000000085c00000, 0x0000000085c00000|
|  63|0x0000000085d00000, 0x0000000085d00000, 0x0000000085e00000|  0%| F|  |TS  0|AC  0|TAMS 0x0000000085d00000, 0x0000000085d00000|
|  64|0x0000000085e00000, 0x0000000085e00000, 0x0000000085f00000|  0%| F|  |TS  0|AC  0|TAMS 0x0000000085e00000, 0x0000000085e00000|
|  65|0x0000000085f00000, 0x0000000085f00000, 0x0000000086000000|  0%| F|  |TS  0|AC  0|TAMS 0x0000000085f00000, 0x0000000085f00000|
|  66|0x0000000086000000, 0x0000000086000000, 0x0000000086100000|  0%| F|  |TS  0|AC  0|TAMS 0x0000000086000000, 0x0000000086000000|
|  67|0x0000000086100000, 0x0000000086100000, 0x0000000086200000|  0%| F|  |TS  0|AC  0|TAMS 0x0000000086100000, 0x0000000086100000|
|  68|0x0000000086200000, 0x0000000086200000, 0x0000000086300000|  0%| F|  |TS  0|AC  0|TAMS 0x0000000086200000, 0x0000000086200000|
|  69|0x0000000086300000, 0x0000000086300000, 0x0000000086400000|  0%| F|  |TS  0|AC  0|TAMS 0x0000000086300000, 0x0000000086300000|
|  70|0x0000000086400000, 0x0000000086400000, 0x0000000086500000|  0%| F|  |TS  0|AC  0|TAMS 0x0000000086400000, 0x0000000086400000|
|  71|0x0000000086500000, 0x0000000086500000, 0x0000000086600000|  0%| F|  |TS  0|AC  0|TAMS 0x0000000086500000, 0x0000000086500000|
|  72|0x0000000086600000, 0x0000000086600000, 0x0000000086700000|  0%| F|  |TS  0|AC  0|TAMS 0x0000000086600000, 0x0000000086600000|
|  73|0x0000000086700000, 0x0000000086700000, 0x0000000086800000|  0%| F|  |TS  0|AC  0|TAMS 0x0000000086700000, 0x0000000086700000|
|  74|0x0000000086800000, 0x0000000086800000, 0x0000000086900000|  0%| F|  |TS  0|AC  0|TAMS 0x0000000086800000, 0x0000000086800000|
|  75|0x0000000086900000, 0x0000000086900000, 0x0000000086a00000|  0%| F|  |TS  0|AC  0|TAMS 0x0000000086900000, 0x0000000086900000|
|  76|0x0000000086a00000, 0x0000000086a00000, 0x0000000086b00000|  0%| F|  |TS  0|AC  0|TAMS 0x0000000086a00000, 0x0000000086a00000|
|  77|0x0000000086b00000, 0x0000000086b00000, 0x0000000086c00000|  0%| F|  |TS  0|AC  0|TAMS 0x0000000086b00000, 0x0000000086b00000|
|  78|0x0000000086c00000, 0x0000000086c00000, 0x0000000086d00000|  0%| F|  |TS  0|AC  0|TAMS 0x0000000086c00000, 0x0000000086c00000|
|  79|0x0000000086d00000, 0x0000000086d00000, 0x0000000086e00000|  0%| F|  |TS  0|AC  0|TAMS 0x0000000086d00000, 0x0000000086d00000|
|  80|0x0000000086e00000, 0x0000000086e00000, 0x0000000086f00000|  0%| F|  |TS  0|AC  0|TAMS 0x0000000086e00000, 0x0000000086e00000|
|  81|0x0000000086f00000, 0x0000000086f00000, 0x0000000087000000|  0%| F|  |TS  0|AC  0|TAMS 0x0000000086f00000, 0x0000000086f00000|
|  82|0x0000000087000000, 0x0000000087000000, 0x0000000087100000|  0%| F|  |TS  0|AC  0|TAMS 0x0000000087000000, 0x0000000087000000|
|  83|0x0000000087100000, 0x0000000087100000, 0x0000000087200000|  0%| F|  |TS  0|AC  0|TAMS 0x0000000087100000, 0x0000000087100000|
|  84|0x0000000087200000, 0x0000000087200000, 0x0000000087300000|  0%| F|  |TS  0|AC  0|TAMS 0x0000000087200000, 0x0000000087200000|
|  85|0x0000000087300000, 0x0000000087300000, 0x0000000087400000|  0%| F|  |TS  0|AC  0|TAMS 0x0000000087300000, 0x0000000087300000|
|  86|0x0000000087400000, 0x0000000087400000, 0x0000000087500000|  0%| F|  |TS  0|AC  0|TAMS 0x0000000087400000, 0x0000000087400000|
|  87|0x0000000087500000, 0x0000000087500000, 0x0000000087600000|  0%| F|  |TS  0|AC  0|TAMS 0x0000000087500000, 0x0000000087500000|
|  88|0x0000000087600000, 0x0000000087600000, 0x0000000087700000|  0%| F|  |TS  0|AC  0|TAMS 0x0000000087600000, 0x0000000087600000|
|  89|0x0000000087700000, 0x0000000087700000, 0x0000000087800000|  0%| F|  |TS  0|AC  0|TAMS 0x0000000087700000, 0x0000000087700000|
|  90|0x0000000087800000, 0x0000000087800000, 0x0000000087900000|  0%| F|  |TS  0|AC  0|TAMS 0x0000000087800000, 0x0000000087800000|
|  91|0x0000000087900000, 0x0000000087900000, 0x0000000087a00000|  0%| F|  |TS  0|AC  0|TAMS 0x0000000087900000, 0x0000000087900000|
|  92|0x0000000087a00000, 0x0000000087a00000, 0x0000000087b00000|  0%| F|  |TS  0|AC  0|TAMS 0x0000000087a00000, 0x0000000087a00000|
|  93|0x0000000087b00000, 0x0000000087b00000, 0x0000000087c00000|  0%| F|  |TS  0|AC  0|TAMS 0x0000000087b00000, 0x0000000087b00000|
|  94|0x0000000087c00000, 0x0000000087c00000, 0x0000000087d00000|  0%| F|  |TS  0|AC  0|TAMS 0x0000000087c00000, 0x0000000087c00000|
|  95|0x0000000087d00000, 0x0000000087d00000, 0x0000000087e00000|  0%| F|  |TS  0|AC  0|TAMS 0x0000000087d00000, 0x0000000087d00000|
|  96|0x0000000087e00000, 0x0000000087e00000, 0x0000000087f00000|  0%| F|  |TS  0|AC  0|TAMS 0x0000000087e00000, 0x0000000087e00000|
|  97|0x0000000087f00000, 0x0000000087f00000, 0x0000000088000000|  0%| F|  |TS  0|AC  0|TAMS 0x0000000087f00000, 0x0000000087f00000|
|  98|0x0000000088000000, 0x0000000088000000, 0x0000000088100000|  0%| F|  |TS  0|AC  0|TAMS 0x0000000088000000, 0x0000000088000000|
|  99|0x0000000088100000, 0x0000000088100000, 0x0000000088200000|  0%| F|  |TS  0|AC  0|TAMS 0x0000000088100000, 0x0000000088100000|
| 100|0x0000000088200000, 0x0000000088200000, 0x0000000088300000|  0%| F|  |TS  0|AC  0|TAMS 0x0000000088200000, 0x0000000088200000|
| 101|0x0000000088300000, 0x0000000088300000, 0x0000000088400000|  0%| F|  |TS  0|AC  0|TAMS 0x0000000088300000, 0x0000000088300000|
| 102|0x0000000088400000, 0x0000000088400000, 0x0000000088500000|  0%| F|  |TS  0|AC  0|TAMS 0x0000000088400000, 0x0000000088400000|
| 103|0x0000000088500000, 0x0000000088500000, 0x0000000088600000|  0%| F|  |TS  0|AC  0|TAMS 0x0000000088500000, 0x0000000088500000|
| 104|0x0000000088600000, 0x0000000088600000, 0x0000000088700000|  0%| F|  |TS  0|AC  0|TAMS 0x0000000088600000, 0x0000000088600000|
| 105|0x0000000088700000, 0x0000000088700000, 0x0000000088800000|  0%| F|  |TS  0|AC  0|TAMS 0x0000000088700000, 0x0000000088700000|
| 106|0x0000000088800000, 0x0000000088800000, 0x0000000088900000|  0%| F|  |TS  0|AC  0|TAMS 0x0000000088800000, 0x0000000088800000|
| 107|0x0000000088900000, 0x0000000088900000, 0x0000000088a00000|  0%| F|  |TS  0|AC  0|TAMS 0x0000000088900000, 0x0000000088900000|
| 108|0x0000000088a00000, 0x0000000088a00000, 0x0000000088b00000|  0%| F|  |TS  0|AC  0|TAMS 0x0000000088a00000, 0x0000000088a00000|
| 109|0x0000000088b00000, 0x0000000088b00000, 0x0000000088c00000|  0%| F|  |TS  0|AC  0|TAMS 0x0000000088b00000, 0x0000000088b00000|
| 110|0x0000000088c00000, 0x0000000088c00000, 0x0000000088d00000|  0%| F|  |TS  0|AC  0|TAMS 0x0000000088c00000, 0x0000000088c00000|
| 111|0x0000000088d00000, 0x0000000088d00000, 0x0000000088e00000|  0%| F|  |TS  0|AC  0|TAMS 0x0000000088d00000, 0x0000000088d00000|
| 112|0x0000000088e00000, 0x0000000088e00000, 0x0000000088f00000|  0%| F|  |TS  0|AC  0|TAMS 0x0000000088e00000, 0x0000000088e00000|
| 113|0x0000000088f00000, 0x0000000088f00000, 0x0000000089000000|  0%| F|  |TS  0|AC  0|TAMS 0x0000000088f00000, 0x0000000088f00000|
| 114|0x0000000089000000, 0x0000000089000000, 0x0000000089100000|  0%| F|  |TS  0|AC  0|TAMS 0x0000000089000000, 0x0000000089000000|
| 115|0x0000000089100000, 0x0000000089100000, 0x0000000089200000|  0%| F|  |TS  0|AC  0|TAMS 0x0000000089100000, 0x0000000089100000|
| 116|0x0000000089200000, 0x0000000089200000, 0x0000000089300000|  0%| F|  |TS  0|AC  0|TAMS 0x0000000089200000, 0x0000000089200000|
| 117|0x0000000089300000, 0x0000000089300000, 0x0000000089400000|  0%| F|  |TS  0|AC  0|TAMS 0x0000000089300000, 0x0000000089300000|
| 118|0x0000000089400000, 0x0000000089400000, 0x0000000089500000|  0%| F|  |TS  0|AC  0|TAMS 0x0000000089400000, 0x0000000089400000|
| 119|0x0000000089500000, 0x0000000089500000, 0x0000000089600000|  0%| F|  |TS  0|AC  0|TAMS 0x0000000089500000, 0x0000000089500000|
| 120|0x0000000089600000, 0x0000000089600000, 0x0000000089700000|  0%| F|  |TS  0|AC  0|TAMS 0x0000000089600000, 0x0000000089600000|
| 121|0x0000000089700000, 0x0000000089700000, 0x0000000089800000|  0%| F|  |TS  0|AC  0|TAMS 0x0000000089700000, 0x0000000089700000|
| 122|0x0000000089800000, 0x0000000089800000, 0x0000000089900000|  0%| F|  |TS  0|AC  0|TAMS 0x0000000089800000, 0x0000000089800000|
| 123|0x0000000089900000, 0x0000000089900000, 0x0000000089a00000|  0%| F|  |TS  0|AC  0|TAMS 0x0000000089900000, 0x0000000089900000|
| 124|0x0000000089a00000, 0x0000000089a00000, 0x0000000089b00000|  0%| F|  |TS  0|AC  0|TAMS 0x0000000089a00000, 0x0000000089a00000|
| 125|0x0000000089b00000, 0x0000000089b00000, 0x0000000089c00000|  0%| F|  |TS  0|AC  0|TAMS 0x0000000089b00000, 0x0000000089b00000|
| 126|0x0000000089c00000, 0x0000000089c8fe10, 0x0000000089d00000| 56%| E|  |TS  0|AC  0|TAMS 0x0000000089c00000, 0x0000000089c00000|
| 127|0x0000000089d00000, 0x0000000089e00000, 0x0000000089e00000|100%| E|CS|TS  0|AC  0|TAMS 0x0000000089d00000, 0x0000000089d00000|

Card table byte_map: [0x0000017d7cdd0000,0x0000017d7d1d0000] byte_map_base: 0x0000017d7c9c1000

Marking Bits (Prev, Next): (CMBitMap*) 0x0000017d7a805e80, (CMBitMap*) 0x0000017d7a805eb8
 Prev Bits: [0x0000017d7d5d0000, 0x0000017d7f558000)
 Next Bits: [0x0000017d166d0000, 0x0000017d18658000)

Polling page: 0x0000017d78470000

CodeHeap 'non-profiled nmethods': size=120064Kb used=29Kb max_used=29Kb free=120034Kb
 bounds [0x0000017d0f190000, 0x0000017d0f400000, 0x0000017d166d0000]
CodeHeap 'profiled nmethods': size=120000Kb used=150Kb max_used=150Kb free=119849Kb
 bounds [0x0000017d07c60000, 0x0000017d07ed0000, 0x0000017d0f190000]
CodeHeap 'non-nmethods': size=5696Kb used=1068Kb max_used=1086Kb free=4627Kb
 bounds [0x0000017d076d0000, 0x0000017d07940000, 0x0000017d07c60000]
 total_blobs=403 nmethods=108 adapters=158
 compilation: enabled

Compilation events (10 events):
Event: 0.414 Thread 0x0000017d7fc12800  105       3       java.lang.String::indexOf (29 bytes)
Event: 0.415 Thread 0x0000017d7fc12800 nmethod 105 0x0000017d07c83a10 code [0x0000017d07c83be0, 0x0000017d07c83ee0]
Event: 0.415 Thread 0x0000017d7fc12800  106       3       java.lang.String::indexOf (7 bytes)
Event: 0.415 Thread 0x0000017d7fc12800 nmethod 106 0x0000017d07c84010 code [0x0000017d07c84200, 0x0000017d07c84580]
Event: 0.416 Thread 0x0000017d7fc12800  107       3       sun.nio.fs.WindowsPathParser::isSlash (18 bytes)
Event: 0.416 Thread 0x0000017d7fc12800 nmethod 107 0x0000017d07c84690 code [0x0000017d07c84840, 0x0000017d07c84a18]
Event: 0.416 Thread 0x0000017d7fc12800  108       3       sun.nio.fs.WindowsPathParser::isInvalidPathChar (22 bytes)
Event: 0.416 Thread 0x0000017d7fc12800 nmethod 108 0x0000017d07c84a90 code [0x0000017d07c84c80, 0x0000017d07c85030]
Event: 0.417 Thread 0x0000017d7fc12800  109       3       java.lang.String::toCharArray (25 bytes)
Event: 0.418 Thread 0x0000017d7fc12800 nmethod 109 0x0000017d07c85190 code [0x0000017d07c85380, 0x0000017d07c858a0]

GC Heap History (0 events):
No events

Deoptimization events (1 events):
Event: 0.390 Thread 0x0000017d7a782800 Uncommon trap: reason=unstable_if action=reinterpret pc=0x0000017d0f193ea8 method=java.lang.String.hashCode()I @ 14 c2

Classes redefined (8 events):
Event: 228.763 Thread 0x0000017d7fbc9800 redefined class name=PixImage, count=1
Event: 282.623 Thread 0x0000017d7fbc9800 redefined class name=PixImage, count=2
Event: 351.726 Thread 0x0000017d7fbc9800 redefined class name=PixImage, count=3
Event: 946.143 Thread 0x0000017d7fbc9800 redefined class name=PixImage, count=4
Event: 1014.220 Thread 0x0000017d7fbc9800 redefined class name=PixImage, count=5
Event: 1062.965 Thread 0x0000017d7fbc9800 redefined class name=PixImage, count=6
Event: 1171.515 Thread 0x0000017d7fbc9800 redefined class name=PixImage, count=7
Event: 1308.809 Thread 0x0000017d7fbc9800 redefined class name=PixImage, count=8

Internal exceptions (0 events):
No events

Events (10 events):
Event: 1309.451 Executing VM operation: GetFrameCount done
Event: 1309.451 Executing VM operation: GetOwnedMonitorInfo
Event: 1309.451 Executing VM operation: GetOwnedMonitorInfo done
Event: 1309.451 Executing VM operation: GetCurrentContendedMonitor
Event: 1309.451 Executing VM operation: GetCurrentContendedMonitor done
Event: 1506.428 Executing VM operation: ChangeBreakpoints
Event: 1506.429 Executing VM operation: ChangeBreakpoints done
Event: 1508.444 Executing VM operation: ChangeBreakpoints
Event: 1508.444 Executing VM operation: ChangeBreakpoints done
Event: 1508.444 Executing VM operation: ChangeBreakpoints


Dynamic libraries:
0x00007ff756520000 - 0x00007ff75655e000 	C:\Program Files\Java\jre-10.0.1\bin\javaw.exe
0x00007ff985690000 - 0x00007ff985870000 	C:\WINDOWS\SYSTEM32\ntdll.dll
0x00007ff985380000 - 0x00007ff98542e000 	C:\WINDOWS\System32\KERNEL32.DLL
0x00007ff982500000 - 0x00007ff982766000 	C:\WINDOWS\System32\KERNELBASE.dll
0x00007ff985260000 - 0x00007ff985301000 	C:\WINDOWS\System32\ADVAPI32.dll
0x00007ff983ae0000 - 0x00007ff983b7d000 	C:\WINDOWS\System32\msvcrt.dll
0x00007ff982d80000 - 0x00007ff982ddb000 	C:\WINDOWS\System32\sechost.dll
0x00007ff985430000 - 0x00007ff98554f000 	C:\WINDOWS\System32\RPCRT4.dll
0x00007ff9850d0000 - 0x00007ff98525f000 	C:\WINDOWS\System32\USER32.dll
0x00007ff9828c0000 - 0x00007ff9828e0000 	C:\WINDOWS\System32\win32u.dll
0x00007ff983960000 - 0x00007ff983988000 	C:\WINDOWS\System32\GDI32.dll
0x00007ff981a90000 - 0x00007ff981c23000 	C:\WINDOWS\System32\gdi32full.dll
0x00007ff982770000 - 0x00007ff98280b000 	C:\WINDOWS\System32\msvcp_win.dll
0x00007ff982400000 - 0x00007ff9824f6000 	C:\WINDOWS\System32\ucrtbase.dll
0x00007ff973490000 - 0x00007ff9736f9000 	C:\WINDOWS\WinSxS\amd64_microsoft.windows.common-controls_6595b64144ccf1df_6.0.16299.371_none_15c7d1789365a290\COMCTL32.dll
0x00007ff983540000 - 0x00007ff983848000 	C:\WINDOWS\System32\combase.dll
0x00007ff981c30000 - 0x00007ff981ca2000 	C:\WINDOWS\System32\bcryptPrimitives.dll
0x00007ff975140000 - 0x00007ff97514a000 	C:\WINDOWS\SYSTEM32\VERSION.dll
0x00007ff985560000 - 0x00007ff98558d000 	C:\WINDOWS\System32\IMM32.DLL
0x00007ff946c20000 - 0x00007ff946d0f000 	C:\Program Files\Java\jre-10.0.1\bin\msvcr120.dll
0x00007ff951040000 - 0x00007ff9510e6000 	C:\Program Files\Java\jre-10.0.1\bin\msvcp120.dll
0x0000000077590000 - 0x0000000078000000 	C:\Program Files\Java\jre-10.0.1\bin\server\jvm.dll
0x00007ff985310000 - 0x00007ff985318000 	C:\WINDOWS\System32\PSAPI.DLL
0x00007ff96f3b0000 - 0x00007ff96f3b9000 	C:\WINDOWS\SYSTEM32\WSOCK32.dll
0x00007ff9855f0000 - 0x00007ff98565c000 	C:\WINDOWS\System32\WS2_32.dll
0x00007ff97fb10000 - 0x00007ff97fb33000 	C:\WINDOWS\SYSTEM32\WINMM.dll
0x00007ff97fae0000 - 0x00007ff97fb0a000 	C:\WINDOWS\SYSTEM32\WINMMBASE.dll
0x00007ff982940000 - 0x00007ff98298a000 	C:\WINDOWS\System32\cfgmgr32.dll
0x00007ff97d920000 - 0x00007ff97d92f000 	C:\Program Files\Java\jre-10.0.1\bin\verify.dll
0x00007ff980600000 - 0x00007ff9807c8000 	C:\WINDOWS\SYSTEM32\DBGHELP.DLL
0x00007ff972220000 - 0x00007ff972249000 	C:\WINDOWS\SYSTEM32\dbgcore.DLL
0x00007ff9713d0000 - 0x00007ff9713f7000 	C:\Program Files\Java\jre-10.0.1\bin\java.dll
0x00007ff96ed40000 - 0x00007ff96ed76000 	C:\Program Files\Java\jre-10.0.1\bin\jdwp.dll
0x00007ff9714d0000 - 0x00007ff9714e6000 	C:\Program Files\Java\jre-10.0.1\bin\zip.dll
0x00007ff976c80000 - 0x00007ff976c8a000 	C:\Program Files\Java\jre-10.0.1\bin\jimage.dll
0x00007ff983b80000 - 0x00007ff984fb6000 	C:\WINDOWS\System32\SHELL32.dll
0x00007ff983850000 - 0x00007ff9838f6000 	C:\WINDOWS\System32\shcore.dll
0x00007ff981cb0000 - 0x00007ff9823f7000 	C:\WINDOWS\System32\windows.storage.dll
0x00007ff985590000 - 0x00007ff9855e1000 	C:\WINDOWS\System32\shlwapi.dll
0x00007ff981a30000 - 0x00007ff981a41000 	C:\WINDOWS\System32\kernel.appcore.dll
0x00007ff9819e0000 - 0x00007ff981a2c000 	C:\WINDOWS\System32\powrprof.dll
0x00007ff981a50000 - 0x00007ff981a6b000 	C:\WINDOWS\System32\profapi.dll
0x00007ff97fba0000 - 0x00007ff97fbaa000 	C:\Program Files\Java\jre-10.0.1\bin\dt_socket.dll
0x00007ff981210000 - 0x00007ff981276000 	C:\WINDOWS\System32\mswsock.dll
0x00007ff980fe0000 - 0x00007ff981096000 	C:\WINDOWS\SYSTEM32\DNSAPI.dll
0x00007ff985550000 - 0x00007ff985558000 	C:\WINDOWS\System32\NSI.dll
0x00007ff980fa0000 - 0x00007ff980fd9000 	C:\WINDOWS\SYSTEM32\IPHLPAPI.DLL
0x00007ff97acb0000 - 0x00007ff97ad20000 	C:\WINDOWS\System32\fwpuclnt.dll
0x00007ff9814e0000 - 0x00007ff981505000 	C:\WINDOWS\SYSTEM32\bcrypt.dll
0x00007ff97a950000 - 0x00007ff97a95a000 	C:\Windows\System32\rasadhlp.dll

dbghelp: loaded successfully - version: 4.0.5 - missing functions: none
symbol engine: initialized successfully - sym options: 0x614 - pdb path: .;C:\Program Files\Java\jre-10.0.1\bin;C:\WINDOWS\SYSTEM32;C:\WINDOWS\WinSxS\amd64_microsoft.windows.common-controls_6595b64144ccf1df_6.0.16299.371_none_15c7d1789365a290;C:\Program Files\Java\jre-10.0.1\bin\server

VM Arguments:
jvm_args: -agentlib:jdwp=transport=dt_socket,suspend=y,address=localhost:51814 -Dfile.encoding=GBK 
java_command: PixImage
java_class_path (initial): C:\Users\jeanb\Desktop\OnlineCourses\UCBerkely_CS61B_Data_Structures\Homework and Projects\pj1
Launcher Type: SUN_STANDARD

Logging:
Log output configuration:
#0: stdout all=warning uptime,level,tags
#1: stderr all=off uptime,level,tags

Environment Variables:
JAVA_HOME=C:\Program Files\Java\jdk-10.0.1
PATH=C:\Program Files (x86)\Common Files\Oracle\Java\javapath;C:\Program Files\Java\jdk-10.0.1\bin;C:\Users\jeanb\AppData\Local\Programs\Python\Python36-32;C:\Program Files (x86)\Java\jre1.8.0_171;C:\WINDOWS\system32;C:\WINDOWS;C:\WINDOWS\System32\Wbem;C:\WINDOWS\System32\WindowsPowerShell\v1.0\;C:\TDM-GCC-64\bin;C:\Program Files\Git\cmd;C:\Program Files\CMake\bin;C:\Users\jeanb\AppData\Local\Programs\Python\Python36-32;C:\Program Files\MATLAB\R2014a\runtime\win64;C:\Program Files\MATLAB\R2014a\bin;C:\Program Files\MATLAB\R2014a\polyspace\bin;"C:\Users\jeanb\AppData\Local\Microsoft\WindowsApps;C:\Program Files\CMake\bin;C:\Users\jeanb\AppData\Local\Programs\Python\Python36-32";C:\TDM-GCC-64\bin;;C:\Users\jeanb\AppData\Local\Microsoft\WindowsApps
USERNAME=jeanb
OS=Windows_NT
PROCESSOR_IDENTIFIER=Intel64 Family 6 Model 142 Stepping 9, GenuineIntel



---------------  S Y S T E M  ---------------

OS: Windows 10 , 64 bit Build 16299 (10.0.16299.15)

CPU:total 4 (initial active 4) (2 cores per cpu, 2 threads per core) family 6 model 142 stepping 9, cmov, cx8, fxsr, mmx, sse, sse2, sse3, ssse3, sse4.1, sse4.2, popcnt, avx, avx2, aes, clmul, erms, 3dnowpref, lzcnt, ht, tsc, tscinvbit, bmi1, bmi2, adx, fma

Memory: 4k page, physical 8260324k(921956k free), swap 31512792k(4079888k free)

vm_info: Java HotSpot(TM) 64-Bit Server VM (10.0.1+10) for windows-amd64 JRE (10.0.1+10), built on Mar 27 2018 02:27:48 by "mach5one" with MS VC++ 12.0 (VS2013)

END.
