#
# A fatal error has been detected by the Java Runtime Environment:
#
#  EXCEPTION_ACCESS_VIOLATION (0xc0000005) at pc=0x00000000778e64e9, pid=23092, tid=9020
#
# JRE version: Java(TM) SE Runtime Environment (10.0.1+10) (build 10.0.1+10)
# Java VM: Java HotSpot(TM) 64-Bit Server VM (10.0.1+10, mixed mode, tiered, compressed oops, g1 gc, windows-amd64)
# Problematic frame:
# V  [jvm.dll+0x3564e9]
#
# No core dump will be written. Minidumps are not enabled by default on client versions of Windows
#
# If you would like to submit a bug report, please visit:
#   http://bugreport.java.com/bugreport/crash.jsp
#

---------------  S U M M A R Y ------------

Command Line: -agentlib:jdwp=transport=dt_socket,suspend=y,address=localhost:54327 -Dfile.encoding=GBK RunLengthEncoding

Host: Intel(R) Core(TM) i5-7200U CPU @ 2.50GHz, 4 cores, 7G,  Windows 10 , 64 bit Build 16299 (10.0.16299.15)
Time: Thu May 10 22:48:15 2018 Eastern Daylight Time elapsed time: 21870 seconds (0d 6h 4m 30s)

---------------  T H R E A D  ---------------

Current thread (0x000001957d39e000):  VMThread "VM Thread" [stack: 0x0000002b7fb00000,0x0000002b7fc00000] [id=9020]

Stack: [0x0000002b7fb00000,0x0000002b7fc00000],  sp=0x0000002b7fbff010,  free space=1020k
Native frames: (J=compiled Java code, j=interpreted, Vv=VM code, C=native code)
V  [jvm.dll+0x3564e9]
V  [jvm.dll+0x352034]
V  [jvm.dll+0x47ae2a]
V  [jvm.dll+0x47868b]
V  [jvm.dll+0x6c485c]
V  [jvm.dll+0x6c2fc5]
V  [jvm.dll+0x6c37d0]
V  [jvm.dll+0x6c3b0c]
V  [jvm.dll+0x59f680]
C  [msvcr120.dll+0x24f7f]
C  [msvcr120.dll+0x25126]
C  [KERNEL32.DLL+0x11fe4]
C  [ntdll.dll+0x6f061]


siginfo: EXCEPTION_ACCESS_VIOLATION (0xc0000005), reading address 0xffffffffffffffff


Register to memory mapping:

RIP=0x00000000778e64e9 jvm.dll
RAX=0x000001957d821d30 is pointing into metadata
RBX=0x000000000000000d is an unknown value
RCX=0x0000000000000044 is an unknown value
RDX=0x0000000000000005 is an unknown value
RSP=0x0000002b7fbff010 is an unknown value
RBP=0x0000000100060830 is pointing into metadata
RSI=0x0000000000000005 is an unknown value
RDI={method} {0x000001957d821d78} 
[error occurred during error reporting (printing register info), id 0xc0000005]

Registers:
RAX=0x000001957d821d30, RBX=0x000000000000000d, RCX=0x0000000000000044, RDX=0x0000000000000005
RSP=0x0000002b7fbff010, RBP=0x0000000100060830, RSI=0x0000000000000005, RDI=0x000001957d821d70
R8 =0x000001957d8209a8, R9 =0x00e601957d820128, R10=0x000000000000000f, R11=0x0000000100060030
R12=0x0000000000000000, R13=0x0000000000000000, R14=0x000001957d293ce0, R15=0x000001957d2962d8
RIP=0x00000000778e64e9, EFLAGS=0x0000000000010246

Top of Stack: (sp=0x0000002b7fbff010)
0x0000002b7fbff010:   0000000100060030 0000000100061290
0x0000002b7fbff020:   000001957d3ccc68 00000000000000d8
0x0000002b7fbff030:   000001957de45c20 00000000000083b0
0x0000002b7fbff040:   000001957d8422f0 000001957de4dc08
0x0000002b7fbff050:   000001957d39e000 000001957d8422d0
0x0000002b7fbff060:   000001957d2642a0 0000000100060030
0x0000002b7fbff070:   000001957de45c20 000001957de46690
0x0000002b7fbff080:   000001957de4dc08 00000001000614f0
0x0000002b7fbff090:   000000000000000d 00000000778e2034
0x0000002b7fbff0a0:   0000000100060030 000001957d8422d0
0x0000002b7fbff0b0:   0000019500000003 0000019500000002
0x0000002b7fbff0c0:   00000000000083b0 00000000778e8e92
0x0000002b7fbff0d0:   0000002b005ff8c0 00000001000614f0
0x0000002b7fbff0e0:   000001957d39e000 000001957de4dc08
0x0000002b7fbff0f0:   0000000000000000 0000000000000000
0x0000002b7fbff100:   0000000000000000 0000000077a0ae2a 

Instructions: (pc=0x00000000778e64e9)
0x00000000778e64c9:   c0 08 0f 1f 44 00 00 49 8b 38 8b 47 20 c1 e8 11
0x00000000778e64d9:   a8 01 75 1e 48 8b 47 08 4c 8b 48 08 0f b7 48 2a
0x00000000778e64e9:   4d 39 74 c9 40 75 0b 0f b7 48 2c 4d 39 7c c9 40
0x00000000778e64f9:   74 10 48 ff c2 ff c6 49 83 c0 08 49 3b d2 7c c7 


VM_Operation (0x0000002b005ff8c0): RedefineClasses, mode: safepoint, requested by thread 0x000001957ded4000, redefining class RunLengthEncoding



---------------  P R O C E S S  ---------------

Threads class SMR info:
_java_thread_list=0x000001957decca20, length=14, elements={
0x000001956ec1f800, 0x000001957d3d7000, 0x000001957d3e1000, 0x000001957dd53000,
0x000001957d3ff000, 0x000001957d402000, 0x000001957d41a800, 0x000001957d41b000,
0x000001957d41e000, 0x000001957ded4000, 0x000001957ded7800, 0x000001957deda800,
0x000001957dee5000, 0x000001957de5e000
}

Java Threads: ( => current thread )
  0x000001956ec1f800 JavaThread "main" [_thread_blocked, id=18472, stack(0x0000002b7ef00000,0x0000002b7f000000)]
  0x000001957d3d7000 JavaThread "Reference Handler" daemon [_thread_blocked, id=21512, stack(0x0000002b7fc00000,0x0000002b7fd00000)]
  0x000001957d3e1000 JavaThread "Finalizer" daemon [_thread_blocked, id=8144, stack(0x0000002b7fd00000,0x0000002b7fe00000)]
  0x000001957dd53000 JavaThread "Signal Dispatcher" daemon [_thread_blocked, id=25572, stack(0x0000002b7ff00000,0x0000002b80000000)]
  0x000001957d3ff000 JavaThread "Attach Listener" daemon [_thread_blocked, id=9004, stack(0x0000002b00000000,0x0000002b00100000)]
  0x000001957d402000 JavaThread "C2 CompilerThread0" daemon [_thread_blocked, id=20432, stack(0x0000002b00100000,0x0000002b00200000)]
  0x000001957d41a800 JavaThread "C2 CompilerThread1" daemon [_thread_blocked, id=20396, stack(0x0000002b00200000,0x0000002b00300000)]
  0x000001957d41b000 JavaThread "C1 CompilerThread2" daemon [_thread_blocked, id=3732, stack(0x0000002b00300000,0x0000002b00400000)]
  0x000001957d41e000 JavaThread "Sweeper thread" daemon [_thread_blocked, id=15932, stack(0x0000002b00400000,0x0000002b00500000)]
  0x000001957ded4000 JavaThread "JDWP Transport Listener: dt_socket" daemon [_thread_blocked, id=2564, stack(0x0000002b00500000,0x0000002b00600000)]
  0x000001957ded7800 JavaThread "JDWP Event Helper Thread" daemon [_thread_blocked, id=1432, stack(0x0000002b00600000,0x0000002b00700000)]
  0x000001957deda800 JavaThread "JDWP Command Reader" daemon [_thread_in_native, id=29580, stack(0x0000002b00700000,0x0000002b00800000)]
  0x000001957dee5000 JavaThread "Service Thread" daemon [_thread_blocked, id=15760, stack(0x0000002b00800000,0x0000002b00900000)]
  0x000001957de5e000 JavaThread "Common-Cleaner" daemon [_thread_blocked, id=3852, stack(0x0000002b00900000,0x0000002b00a00000)]

Other Threads:
=>0x000001957d39e000 VMThread "VM Thread" [stack: 0x0000002b7fb00000,0x0000002b7fc00000] [id=9020]
  0x000001957def5000 WatcherThread [stack: 0x0000002b00a00000,0x0000002b00b00000] [id=31896]
  0x000001956ec37800 GCTaskThread "GC Thread#0" [stack: 0x0000002b7f000000,0x0000002b7f100000] [id=25820]
  0x000001956ec3a000 GCTaskThread "GC Thread#1" [stack: 0x0000002b7f100000,0x0000002b7f200000] [id=25244]
  0x000001956ec3d800 GCTaskThread "GC Thread#2" [stack: 0x0000002b7f200000,0x0000002b7f300000] [id=31240]
  0x000001956ec40800 GCTaskThread "GC Thread#3" [stack: 0x0000002b7f300000,0x0000002b7f400000] [id=25468]
  0x000001956ecb7000 ConcurrentGCThread "G1 Main Marker" [stack: 0x0000002b7f400000,0x0000002b7f500000] [id=26000]
  0x000001956ecba000 ConcurrentGCThread "G1 Conc#0" [stack: 0x0000002b7f500000,0x0000002b7f600000] [id=9736]
  0x000001956ecfe000 ConcurrentGCThread "G1 Refine#0" [stack: 0x0000002b7f600000,0x0000002b7f700000] [id=21788]
  0x000001957d25c800 ConcurrentGCThread "G1 Refine#1" [stack: 0x0000002b7f700000,0x0000002b7f800000] [id=18808]
  0x000001957d25d800 ConcurrentGCThread "G1 Refine#2" [stack: 0x0000002b7f800000,0x0000002b7f900000] [id=22100]
  0x000001957d25f800 ConcurrentGCThread "G1 Refine#3" [stack: 0x0000002b7f900000,0x0000002b7fa00000] [id=23080]
  0x000001957d263000 ConcurrentGCThread "G1 Young RemSet Sampling" [stack: 0x0000002b7fa00000,0x0000002b7fb00000] [id=30912]

Threads with active compile tasks:

VM state:at safepoint (normal execution)

VM Mutex/Monitor currently owned by a thread:  ([mutex/lock_event])
[0x000001956ec1e090] Threads_lock - owner thread: 0x000001957d39e000

Heap address: 0x0000000081e00000, size: 2018 MB, Compressed Oops mode: 32-bit
Narrow klass base: 0x0000000000000000, Narrow klass shift: 3
Compressed class space size: 1073741824 Address: 0x0000000100000000

Heap:
 garbage-first heap   total 131072K, used 1024K [0x0000000081e00000, 0x0000000100000000)
  region size 1024K, 2 young (2048K), 0 survivors (0K)
 Metaspace       used 3691K, capacity 4758K, committed 5120K, reserved 1056768K
  class space    used 336K, capacity 390K, committed 512K, reserved 1048576K
Heap Regions: E=young(eden), S=young(survivor), O=old, HS=humongous(starts), HC=humongous(continues), CS=collection set, F=free, A=archive, TS=gc time stamp, AC=allocation context, TAMS=top-at-mark-start (previous, next)
|   0|0x0000000081e00000, 0x0000000081e00000, 0x0000000081f00000|  0%| F|  |TS  0|AC  0|TAMS 0x0000000081e00000, 0x0000000081e00000|
|   1|0x0000000081f00000, 0x0000000081f00000, 0x0000000082000000|  0%| F|  |TS  0|AC  0|TAMS 0x0000000081f00000, 0x0000000081f00000|
|   2|0x0000000082000000, 0x0000000082000000, 0x0000000082100000|  0%| F|  |TS  0|AC  0|TAMS 0x0000000082000000, 0x0000000082000000|
|   3|0x0000000082100000, 0x0000000082100000, 0x0000000082200000|  0%| F|  |TS  0|AC  0|TAMS 0x0000000082100000, 0x0000000082100000|
|   4|0x0000000082200000, 0x0000000082200000, 0x0000000082300000|  0%| F|  |TS  0|AC  0|TAMS 0x0000000082200000, 0x0000000082200000|
|   5|0x0000000082300000, 0x0000000082300000, 0x0000000082400000|  0%| F|  |TS  0|AC  0|TAMS 0x0000000082300000, 0x0000000082300000|
|   6|0x0000000082400000, 0x0000000082400000, 0x0000000082500000|  0%| F|  |TS  0|AC  0|TAMS 0x0000000082400000, 0x0000000082400000|
|   7|0x0000000082500000, 0x0000000082500000, 0x0000000082600000|  0%| F|  |TS  0|AC  0|TAMS 0x0000000082500000, 0x0000000082500000|
|   8|0x0000000082600000, 0x0000000082600000, 0x0000000082700000|  0%| F|  |TS  0|AC  0|TAMS 0x0000000082600000, 0x0000000082600000|
|   9|0x0000000082700000, 0x0000000082700000, 0x0000000082800000|  0%| F|  |TS  0|AC  0|TAMS 0x0000000082700000, 0x0000000082700000|
|  10|0x0000000082800000, 0x0000000082800000, 0x0000000082900000|  0%| F|  |TS  0|AC  0|TAMS 0x0000000082800000, 0x0000000082800000|
|  11|0x0000000082900000, 0x0000000082900000, 0x0000000082a00000|  0%| F|  |TS  0|AC  0|TAMS 0x0000000082900000, 0x0000000082900000|
|  12|0x0000000082a00000, 0x0000000082a00000, 0x0000000082b00000|  0%| F|  |TS  0|AC  0|TAMS 0x0000000082a00000, 0x0000000082a00000|
|  13|0x0000000082b00000, 0x0000000082b00000, 0x0000000082c00000|  0%| F|  |TS  0|AC  0|TAMS 0x0000000082b00000, 0x0000000082b00000|
|  14|0x0000000082c00000, 0x0000000082c00000, 0x0000000082d00000|  0%| F|  |TS  0|AC  0|TAMS 0x0000000082c00000, 0x0000000082c00000|
|  15|0x0000000082d00000, 0x0000000082d00000, 0x0000000082e00000|  0%| F|  |TS  0|AC  0|TAMS 0x0000000082d00000, 0x0000000082d00000|
|  16|0x0000000082e00000, 0x0000000082e00000, 0x0000000082f00000|  0%| F|  |TS  0|AC  0|TAMS 0x0000000082e00000, 0x0000000082e00000|
|  17|0x0000000082f00000, 0x0000000082f00000, 0x0000000083000000|  0%| F|  |TS  0|AC  0|TAMS 0x0000000082f00000, 0x0000000082f00000|
|  18|0x0000000083000000, 0x0000000083000000, 0x0000000083100000|  0%| F|  |TS  0|AC  0|TAMS 0x0000000083000000, 0x0000000083000000|
|  19|0x0000000083100000, 0x0000000083100000, 0x0000000083200000|  0%| F|  |TS  0|AC  0|TAMS 0x0000000083100000, 0x0000000083100000|
|  20|0x0000000083200000, 0x0000000083200000, 0x0000000083300000|  0%| F|  |TS  0|AC  0|TAMS 0x0000000083200000, 0x0000000083200000|
|  21|0x0000000083300000, 0x0000000083300000, 0x0000000083400000|  0%| F|  |TS  0|AC  0|TAMS 0x0000000083300000, 0x0000000083300000|
|  22|0x0000000083400000, 0x0000000083400000, 0x0000000083500000|  0%| F|  |TS  0|AC  0|TAMS 0x0000000083400000, 0x0000000083400000|
|  23|0x0000000083500000, 0x0000000083500000, 0x0000000083600000|  0%| F|  |TS  0|AC  0|TAMS 0x0000000083500000, 0x0000000083500000|
|  24|0x0000000083600000, 0x0000000083600000, 0x0000000083700000|  0%| F|  |TS  0|AC  0|TAMS 0x0000000083600000, 0x0000000083600000|
|  25|0x0000000083700000, 0x0000000083700000, 0x0000000083800000|  0%| F|  |TS  0|AC  0|TAMS 0x0000000083700000, 0x0000000083700000|
|  26|0x0000000083800000, 0x0000000083800000, 0x0000000083900000|  0%| F|  |TS  0|AC  0|TAMS 0x0000000083800000, 0x0000000083800000|
|  27|0x0000000083900000, 0x0000000083900000, 0x0000000083a00000|  0%| F|  |TS  0|AC  0|TAMS 0x0000000083900000, 0x0000000083900000|
|  28|0x0000000083a00000, 0x0000000083a00000, 0x0000000083b00000|  0%| F|  |TS  0|AC  0|TAMS 0x0000000083a00000, 0x0000000083a00000|
|  29|0x0000000083b00000, 0x0000000083b00000, 0x0000000083c00000|  0%| F|  |TS  0|AC  0|TAMS 0x0000000083b00000, 0x0000000083b00000|
|  30|0x0000000083c00000, 0x0000000083c00000, 0x0000000083d00000|  0%| F|  |TS  0|AC  0|TAMS 0x0000000083c00000, 0x0000000083c00000|
|  31|0x0000000083d00000, 0x0000000083d00000, 0x0000000083e00000|  0%| F|  |TS  0|AC  0|TAMS 0x0000000083d00000, 0x0000000083d00000|
|  32|0x0000000083e00000, 0x0000000083e00000, 0x0000000083f00000|  0%| F|  |TS  0|AC  0|TAMS 0x0000000083e00000, 0x0000000083e00000|
|  33|0x0000000083f00000, 0x0000000083f00000, 0x0000000084000000|  0%| F|  |TS  0|AC  0|TAMS 0x0000000083f00000, 0x0000000083f00000|
|  34|0x0000000084000000, 0x0000000084000000, 0x0000000084100000|  0%| F|  |TS  0|AC  0|TAMS 0x0000000084000000, 0x0000000084000000|
|  35|0x0000000084100000, 0x0000000084100000, 0x0000000084200000|  0%| F|  |TS  0|AC  0|TAMS 0x0000000084100000, 0x0000000084100000|
|  36|0x0000000084200000, 0x0000000084200000, 0x0000000084300000|  0%| F|  |TS  0|AC  0|TAMS 0x0000000084200000, 0x0000000084200000|
|  37|0x0000000084300000, 0x0000000084300000, 0x0000000084400000|  0%| F|  |TS  0|AC  0|TAMS 0x0000000084300000, 0x0000000084300000|
|  38|0x0000000084400000, 0x0000000084400000, 0x0000000084500000|  0%| F|  |TS  0|AC  0|TAMS 0x0000000084400000, 0x0000000084400000|
|  39|0x0000000084500000, 0x0000000084500000, 0x0000000084600000|  0%| F|  |TS  0|AC  0|TAMS 0x0000000084500000, 0x0000000084500000|
|  40|0x0000000084600000, 0x0000000084600000, 0x0000000084700000|  0%| F|  |TS  0|AC  0|TAMS 0x0000000084600000, 0x0000000084600000|
|  41|0x0000000084700000, 0x0000000084700000, 0x0000000084800000|  0%| F|  |TS  0|AC  0|TAMS 0x0000000084700000, 0x0000000084700000|
|  42|0x0000000084800000, 0x0000000084800000, 0x0000000084900000|  0%| F|  |TS  0|AC  0|TAMS 0x0000000084800000, 0x0000000084800000|
|  43|0x0000000084900000, 0x0000000084900000, 0x0000000084a00000|  0%| F|  |TS  0|AC  0|TAMS 0x0000000084900000, 0x0000000084900000|
|  44|0x0000000084a00000, 0x0000000084a00000, 0x0000000084b00000|  0%| F|  |TS  0|AC  0|TAMS 0x0000000084a00000, 0x0000000084a00000|
|  45|0x0000000084b00000, 0x0000000084b00000, 0x0000000084c00000|  0%| F|  |TS  0|AC  0|TAMS 0x0000000084b00000, 0x0000000084b00000|
|  46|0x0000000084c00000, 0x0000000084c00000, 0x0000000084d00000|  0%| F|  |TS  0|AC  0|TAMS 0x0000000084c00000, 0x0000000084c00000|
|  47|0x0000000084d00000, 0x0000000084d00000, 0x0000000084e00000|  0%| F|  |TS  0|AC  0|TAMS 0x0000000084d00000, 0x0000000084d00000|
|  48|0x0000000084e00000, 0x0000000084e00000, 0x0000000084f00000|  0%| F|  |TS  0|AC  0|TAMS 0x0000000084e00000, 0x0000000084e00000|
|  49|0x0000000084f00000, 0x0000000084f00000, 0x0000000085000000|  0%| F|  |TS  0|AC  0|TAMS 0x0000000084f00000, 0x0000000084f00000|
|  50|0x0000000085000000, 0x0000000085000000, 0x0000000085100000|  0%| F|  |TS  0|AC  0|TAMS 0x0000000085000000, 0x0000000085000000|
|  51|0x0000000085100000, 0x0000000085100000, 0x0000000085200000|  0%| F|  |TS  0|AC  0|TAMS 0x0000000085100000, 0x0000000085100000|
|  52|0x0000000085200000, 0x0000000085200000, 0x0000000085300000|  0%| F|  |TS  0|AC  0|TAMS 0x0000000085200000, 0x0000000085200000|
|  53|0x0000000085300000, 0x0000000085300000, 0x0000000085400000|  0%| F|  |TS  0|AC  0|TAMS 0x0000000085300000, 0x0000000085300000|
|  54|0x0000000085400000, 0x0000000085400000, 0x0000000085500000|  0%| F|  |TS  0|AC  0|TAMS 0x0000000085400000, 0x0000000085400000|
|  55|0x0000000085500000, 0x0000000085500000, 0x0000000085600000|  0%| F|  |TS  0|AC  0|TAMS 0x0000000085500000, 0x0000000085500000|
|  56|0x0000000085600000, 0x0000000085600000, 0x0000000085700000|  0%| F|  |TS  0|AC  0|TAMS 0x0000000085600000, 0x0000000085600000|
|  57|0x0000000085700000, 0x0000000085700000, 0x0000000085800000|  0%| F|  |TS  0|AC  0|TAMS 0x0000000085700000, 0x0000000085700000|
|  58|0x0000000085800000, 0x0000000085800000, 0x0000000085900000|  0%| F|  |TS  0|AC  0|TAMS 0x0000000085800000, 0x0000000085800000|
|  59|0x0000000085900000, 0x0000000085900000, 0x0000000085a00000|  0%| F|  |TS  0|AC  0|TAMS 0x0000000085900000, 0x0000000085900000|
|  60|0x0000000085a00000, 0x0000000085a00000, 0x0000000085b00000|  0%| F|  |TS  0|AC  0|TAMS 0x0000000085a00000, 0x0000000085a00000|
|  61|0x0000000085b00000, 0x0000000085b00000, 0x0000000085c00000|  0%| F|  |TS  0|AC  0|TAMS 0x0000000085b00000, 0x0000000085b00000|
|  62|0x0000000085c00000, 0x0000000085c00000, 0x0000000085d00000|  0%| F|  |TS  0|AC  0|TAMS 0x0000000085c00000, 0x0000000085c00000|
|  63|0x0000000085d00000, 0x0000000085d00000, 0x0000000085e00000|  0%| F|  |TS  0|AC  0|TAMS 0x0000000085d00000, 0x0000000085d00000|
|  64|0x0000000085e00000, 0x0000000085e00000, 0x0000000085f00000|  0%| F|  |TS  0|AC  0|TAMS 0x0000000085e00000, 0x0000000085e00000|
|  65|0x0000000085f00000, 0x0000000085f00000, 0x0000000086000000|  0%| F|  |TS  0|AC  0|TAMS 0x0000000085f00000, 0x0000000085f00000|
|  66|0x0000000086000000, 0x0000000086000000, 0x0000000086100000|  0%| F|  |TS  0|AC  0|TAMS 0x0000000086000000, 0x0000000086000000|
|  67|0x0000000086100000, 0x0000000086100000, 0x0000000086200000|  0%| F|  |TS  0|AC  0|TAMS 0x0000000086100000, 0x0000000086100000|
|  68|0x0000000086200000, 0x0000000086200000, 0x0000000086300000|  0%| F|  |TS  0|AC  0|TAMS 0x0000000086200000, 0x0000000086200000|
|  69|0x0000000086300000, 0x0000000086300000, 0x0000000086400000|  0%| F|  |TS  0|AC  0|TAMS 0x0000000086300000, 0x0000000086300000|
|  70|0x0000000086400000, 0x0000000086400000, 0x0000000086500000|  0%| F|  |TS  0|AC  0|TAMS 0x0000000086400000, 0x0000000086400000|
|  71|0x0000000086500000, 0x0000000086500000, 0x0000000086600000|  0%| F|  |TS  0|AC  0|TAMS 0x0000000086500000, 0x0000000086500000|
|  72|0x0000000086600000, 0x0000000086600000, 0x0000000086700000|  0%| F|  |TS  0|AC  0|TAMS 0x0000000086600000, 0x0000000086600000|
|  73|0x0000000086700000, 0x0000000086700000, 0x0000000086800000|  0%| F|  |TS  0|AC  0|TAMS 0x0000000086700000, 0x0000000086700000|
|  74|0x0000000086800000, 0x0000000086800000, 0x0000000086900000|  0%| F|  |TS  0|AC  0|TAMS 0x0000000086800000, 0x0000000086800000|
|  75|0x0000000086900000, 0x0000000086900000, 0x0000000086a00000|  0%| F|  |TS  0|AC  0|TAMS 0x0000000086900000, 0x0000000086900000|
|  76|0x0000000086a00000, 0x0000000086a00000, 0x0000000086b00000|  0%| F|  |TS  0|AC  0|TAMS 0x0000000086a00000, 0x0000000086a00000|
|  77|0x0000000086b00000, 0x0000000086b00000, 0x0000000086c00000|  0%| F|  |TS  0|AC  0|TAMS 0x0000000086b00000, 0x0000000086b00000|
|  78|0x0000000086c00000, 0x0000000086c00000, 0x0000000086d00000|  0%| F|  |TS  0|AC  0|TAMS 0x0000000086c00000, 0x0000000086c00000|
|  79|0x0000000086d00000, 0x0000000086d00000, 0x0000000086e00000|  0%| F|  |TS  0|AC  0|TAMS 0x0000000086d00000, 0x0000000086d00000|
|  80|0x0000000086e00000, 0x0000000086e00000, 0x0000000086f00000|  0%| F|  |TS  0|AC  0|TAMS 0x0000000086e00000, 0x0000000086e00000|
|  81|0x0000000086f00000, 0x0000000086f00000, 0x0000000087000000|  0%| F|  |TS  0|AC  0|TAMS 0x0000000086f00000, 0x0000000086f00000|
|  82|0x0000000087000000, 0x0000000087000000, 0x0000000087100000|  0%| F|  |TS  0|AC  0|TAMS 0x0000000087000000, 0x0000000087000000|
|  83|0x0000000087100000, 0x0000000087100000, 0x0000000087200000|  0%| F|  |TS  0|AC  0|TAMS 0x0000000087100000, 0x0000000087100000|
|  84|0x0000000087200000, 0x0000000087200000, 0x0000000087300000|  0%| F|  |TS  0|AC  0|TAMS 0x0000000087200000, 0x0000000087200000|
|  85|0x0000000087300000, 0x0000000087300000, 0x0000000087400000|  0%| F|  |TS  0|AC  0|TAMS 0x0000000087300000, 0x0000000087300000|
|  86|0x0000000087400000, 0x0000000087400000, 0x0000000087500000|  0%| F|  |TS  0|AC  0|TAMS 0x0000000087400000, 0x0000000087400000|
|  87|0x0000000087500000, 0x0000000087500000, 0x0000000087600000|  0%| F|  |TS  0|AC  0|TAMS 0x0000000087500000, 0x0000000087500000|
|  88|0x0000000087600000, 0x0000000087600000, 0x0000000087700000|  0%| F|  |TS  0|AC  0|TAMS 0x0000000087600000, 0x0000000087600000|
|  89|0x0000000087700000, 0x0000000087700000, 0x0000000087800000|  0%| F|  |TS  0|AC  0|TAMS 0x0000000087700000, 0x0000000087700000|
|  90|0x0000000087800000, 0x0000000087800000, 0x0000000087900000|  0%| F|  |TS  0|AC  0|TAMS 0x0000000087800000, 0x0000000087800000|
|  91|0x0000000087900000, 0x0000000087900000, 0x0000000087a00000|  0%| F|  |TS  0|AC  0|TAMS 0x0000000087900000, 0x0000000087900000|
|  92|0x0000000087a00000, 0x0000000087a00000, 0x0000000087b00000|  0%| F|  |TS  0|AC  0|TAMS 0x0000000087a00000, 0x0000000087a00000|
|  93|0x0000000087b00000, 0x0000000087b00000, 0x0000000087c00000|  0%| F|  |TS  0|AC  0|TAMS 0x0000000087b00000, 0x0000000087b00000|
|  94|0x0000000087c00000, 0x0000000087c00000, 0x0000000087d00000|  0%| F|  |TS  0|AC  0|TAMS 0x0000000087c00000, 0x0000000087c00000|
|  95|0x0000000087d00000, 0x0000000087d00000, 0x0000000087e00000|  0%| F|  |TS  0|AC  0|TAMS 0x0000000087d00000, 0x0000000087d00000|
|  96|0x0000000087e00000, 0x0000000087e00000, 0x0000000087f00000|  0%| F|  |TS  0|AC  0|TAMS 0x0000000087e00000, 0x0000000087e00000|
|  97|0x0000000087f00000, 0x0000000087f00000, 0x0000000088000000|  0%| F|  |TS  0|AC  0|TAMS 0x0000000087f00000, 0x0000000087f00000|
|  98|0x0000000088000000, 0x0000000088000000, 0x0000000088100000|  0%| F|  |TS  0|AC  0|TAMS 0x0000000088000000, 0x0000000088000000|
|  99|0x0000000088100000, 0x0000000088100000, 0x0000000088200000|  0%| F|  |TS  0|AC  0|TAMS 0x0000000088100000, 0x0000000088100000|
| 100|0x0000000088200000, 0x0000000088200000, 0x0000000088300000|  0%| F|  |TS  0|AC  0|TAMS 0x0000000088200000, 0x0000000088200000|
| 101|0x0000000088300000, 0x0000000088300000, 0x0000000088400000|  0%| F|  |TS  0|AC  0|TAMS 0x0000000088300000, 0x0000000088300000|
| 102|0x0000000088400000, 0x0000000088400000, 0x0000000088500000|  0%| F|  |TS  0|AC  0|TAMS 0x0000000088400000, 0x0000000088400000|
| 103|0x0000000088500000, 0x0000000088500000, 0x0000000088600000|  0%| F|  |TS  0|AC  0|TAMS 0x0000000088500000, 0x0000000088500000|
| 104|0x0000000088600000, 0x0000000088600000, 0x0000000088700000|  0%| F|  |TS  0|AC  0|TAMS 0x0000000088600000, 0x0000000088600000|
| 105|0x0000000088700000, 0x0000000088700000, 0x0000000088800000|  0%| F|  |TS  0|AC  0|TAMS 0x0000000088700000, 0x0000000088700000|
| 106|0x0000000088800000, 0x0000000088800000, 0x0000000088900000|  0%| F|  |TS  0|AC  0|TAMS 0x0000000088800000, 0x0000000088800000|
| 107|0x0000000088900000, 0x0000000088900000, 0x0000000088a00000|  0%| F|  |TS  0|AC  0|TAMS 0x0000000088900000, 0x0000000088900000|
| 108|0x0000000088a00000, 0x0000000088a00000, 0x0000000088b00000|  0%| F|  |TS  0|AC  0|TAMS 0x0000000088a00000, 0x0000000088a00000|
| 109|0x0000000088b00000, 0x0000000088b00000, 0x0000000088c00000|  0%| F|  |TS  0|AC  0|TAMS 0x0000000088b00000, 0x0000000088b00000|
| 110|0x0000000088c00000, 0x0000000088c00000, 0x0000000088d00000|  0%| F|  |TS  0|AC  0|TAMS 0x0000000088c00000, 0x0000000088c00000|
| 111|0x0000000088d00000, 0x0000000088d00000, 0x0000000088e00000|  0%| F|  |TS  0|AC  0|TAMS 0x0000000088d00000, 0x0000000088d00000|
| 112|0x0000000088e00000, 0x0000000088e00000, 0x0000000088f00000|  0%| F|  |TS  0|AC  0|TAMS 0x0000000088e00000, 0x0000000088e00000|
| 113|0x0000000088f00000, 0x0000000088f00000, 0x0000000089000000|  0%| F|  |TS  0|AC  0|TAMS 0x0000000088f00000, 0x0000000088f00000|
| 114|0x0000000089000000, 0x0000000089000000, 0x0000000089100000|  0%| F|  |TS  0|AC  0|TAMS 0x0000000089000000, 0x0000000089000000|
| 115|0x0000000089100000, 0x0000000089100000, 0x0000000089200000|  0%| F|  |TS  0|AC  0|TAMS 0x0000000089100000, 0x0000000089100000|
| 116|0x0000000089200000, 0x0000000089200000, 0x0000000089300000|  0%| F|  |TS  0|AC  0|TAMS 0x0000000089200000, 0x0000000089200000|
| 117|0x0000000089300000, 0x0000000089300000, 0x0000000089400000|  0%| F|  |TS  0|AC  0|TAMS 0x0000000089300000, 0x0000000089300000|
| 118|0x0000000089400000, 0x0000000089400000, 0x0000000089500000|  0%| F|  |TS  0|AC  0|TAMS 0x0000000089400000, 0x0000000089400000|
| 119|0x0000000089500000, 0x0000000089500000, 0x0000000089600000|  0%| F|  |TS  0|AC  0|TAMS 0x0000000089500000, 0x0000000089500000|
| 120|0x0000000089600000, 0x0000000089600000, 0x0000000089700000|  0%| F|  |TS  0|AC  0|TAMS 0x0000000089600000, 0x0000000089600000|
| 121|0x0000000089700000, 0x0000000089700000, 0x0000000089800000|  0%| F|  |TS  0|AC  0|TAMS 0x0000000089700000, 0x0000000089700000|
| 122|0x0000000089800000, 0x0000000089800000, 0x0000000089900000|  0%| F|  |TS  0|AC  0|TAMS 0x0000000089800000, 0x0000000089800000|
| 123|0x0000000089900000, 0x0000000089900000, 0x0000000089a00000|  0%| F|  |TS  0|AC  0|TAMS 0x0000000089900000, 0x0000000089900000|
| 124|0x0000000089a00000, 0x0000000089a00000, 0x0000000089b00000|  0%| F|  |TS  0|AC  0|TAMS 0x0000000089a00000, 0x0000000089a00000|
| 125|0x0000000089b00000, 0x0000000089b00000, 0x0000000089c00000|  0%| F|  |TS  0|AC  0|TAMS 0x0000000089b00000, 0x0000000089b00000|
| 126|0x0000000089c00000, 0x0000000089c97a50, 0x0000000089d00000| 59%| E|  |TS  0|AC  0|TAMS 0x0000000089c00000, 0x0000000089c00000|
| 127|0x0000000089d00000, 0x0000000089e00000, 0x0000000089e00000|100%| E|CS|TS  0|AC  0|TAMS 0x0000000089d00000, 0x0000000089d00000|

Card table byte_map: [0x00000195767d0000,0x0000019576bd0000] byte_map_base: 0x00000195763c1000

Marking Bits (Prev, Next): (CMBitMap*) 0x000001956ecb6500, (CMBitMap*) 0x000001956ecb6538
 Prev Bits: [0x0000019576fd0000, 0x0000019578f58000)
 Next Bits: [0x0000019578f60000, 0x000001957aee8000)

Polling page: 0x000001956a650000

CodeHeap 'non-profiled nmethods': size=120064Kb used=32Kb max_used=32Kb free=120031Kb
 bounds [0x0000019507ac0000, 0x0000019507d30000, 0x000001950f000000]
CodeHeap 'profiled nmethods': size=120000Kb used=177Kb max_used=177Kb free=119822Kb
 bounds [0x0000019500590000, 0x0000019500800000, 0x0000019507ac0000]
CodeHeap 'non-nmethods': size=5696Kb used=1071Kb max_used=1076Kb free=4625Kb
 bounds [0x0000019500000000, 0x0000019500270000, 0x0000019500590000]
 total_blobs=414 nmethods=118 adapters=159
 compilation: enabled

Compilation events (10 events):
Event: 0.956 Thread 0x000001957d41b000  111       3       sun.nio.fs.WindowsPathParser::isInvalidPathChar (22 bytes)
Event: 0.956 Thread 0x000001957d41b000 nmethod 111 0x00000195005b9b10 code [0x00000195005b9d00, 0x00000195005ba0b0]
Event: 7321.020 Thread 0x000001957d41b000  113       3       java.lang.ref.ReferenceQueue::reallyPoll (65 bytes)
Event: 7321.025 Thread 0x000001957d41b000 nmethod 113 0x00000195005ba210 code [0x00000195005ba400, 0x00000195005ba978]
Event: 15241.090 Thread 0x000001957d41b000  116   !   3       java.lang.ref.ReferenceQueue::remove (125 bytes)
Event: 15241.098 Thread 0x000001957d41b000 nmethod 116 0x00000195005baa90 code [0x00000195005bace0, 0x00000195005bb600]
Event: 15301.090 Thread 0x000001957d41b000  117   !   3       jdk.internal.ref.PhantomCleanable::isListEmpty (34 bytes)
Event: 15301.091 Thread 0x000001957d41b000 nmethod 117 0x00000195005bb990 code [0x00000195005bbb60, 0x00000195005bbeb8]
Event: 15301.091 Thread 0x000001957d41b000  118       3       jdk.internal.misc.InnocuousThread::eraseThreadLocals (23 bytes)
Event: 15301.094 Thread 0x000001957d41b000 nmethod 118 0x00000195005bc010 code [0x00000195005bc1c0, 0x00000195005bc418]

GC Heap History (0 events):
No events

Deoptimization events (1 events):
Event: 0.932 Thread 0x000001956ec1f800 Uncommon trap: reason=unstable_if action=reinterpret pc=0x0000019507ac4208 method=java.lang.String.hashCode()I @ 14 c2

Classes redefined (5 events):
Event: 48.789 Thread 0x000001957d39e000 redefined class name=RunLengthEncoding, count=1
Event: 20171.492 Thread 0x000001957d39e000 redefined class name=RunLengthEncoding, count=2
Event: 20851.767 Thread 0x000001957d39e000 redefined class name=RunLengthEncoding, count=3
Event: 21490.834 Thread 0x000001957d39e000 redefined class name=RunLengthEncoding, count=4
Event: 21507.956 Thread 0x000001957d39e000 redefined class name=RunLengthEncoding, count=5

Internal exceptions (0 events):
No events

Events (10 events):
Event: 21733.626 Executing VM operation: GetCurrentContendedMonitor done
Event: 21733.626 Executing VM operation: GetOwnedMonitorInfo
Event: 21733.626 Executing VM operation: GetOwnedMonitorInfo done
Event: 21733.949 Executing VM operation: GetFrameCount
Event: 21733.949 Executing VM operation: GetFrameCount done
Event: 21733.949 Executing VM operation: GetOwnedMonitorInfo
Event: 21733.949 Executing VM operation: GetOwnedMonitorInfo done
Event: 21733.950 Executing VM operation: GetCurrentContendedMonitor
Event: 21733.950 Executing VM operation: GetCurrentContendedMonitor done
Event: 21869.842 Executing VM operation: RedefineClasses


Dynamic libraries:
0x00007ff756520000 - 0x00007ff75655e000 	C:\Program Files\Java\jre-10.0.1\bin\javaw.exe
0x00007ff985690000 - 0x00007ff985870000 	C:\WINDOWS\SYSTEM32\ntdll.dll
0x00007ff985380000 - 0x00007ff98542e000 	C:\WINDOWS\System32\KERNEL32.DLL
0x00007ff982500000 - 0x00007ff982766000 	C:\WINDOWS\System32\KERNELBASE.dll
0x00007ff985260000 - 0x00007ff985301000 	C:\WINDOWS\System32\ADVAPI32.dll
0x00007ff983ae0000 - 0x00007ff983b7d000 	C:\WINDOWS\System32\msvcrt.dll
0x00007ff982d80000 - 0x00007ff982ddb000 	C:\WINDOWS\System32\sechost.dll
0x00007ff985430000 - 0x00007ff98554f000 	C:\WINDOWS\System32\RPCRT4.dll
0x00007ff9850d0000 - 0x00007ff98525f000 	C:\WINDOWS\System32\USER32.dll
0x00007ff9828c0000 - 0x00007ff9828e0000 	C:\WINDOWS\System32\win32u.dll
0x00007ff983960000 - 0x00007ff983988000 	C:\WINDOWS\System32\GDI32.dll
0x00007ff981a90000 - 0x00007ff981c23000 	C:\WINDOWS\System32\gdi32full.dll
0x00007ff982770000 - 0x00007ff98280b000 	C:\WINDOWS\System32\msvcp_win.dll
0x00007ff982400000 - 0x00007ff9824f6000 	C:\WINDOWS\System32\ucrtbase.dll
0x00007ff975140000 - 0x00007ff97514a000 	C:\WINDOWS\SYSTEM32\VERSION.dll
0x00007ff973490000 - 0x00007ff9736f9000 	C:\WINDOWS\WinSxS\amd64_microsoft.windows.common-controls_6595b64144ccf1df_6.0.16299.371_none_15c7d1789365a290\COMCTL32.dll
0x00007ff983540000 - 0x00007ff983848000 	C:\WINDOWS\System32\combase.dll
0x00007ff981c30000 - 0x00007ff981ca2000 	C:\WINDOWS\System32\bcryptPrimitives.dll
0x00007ff985560000 - 0x00007ff98558d000 	C:\WINDOWS\System32\IMM32.DLL
0x00007ff95be80000 - 0x00007ff95bf6f000 	C:\Program Files\Java\jre-10.0.1\bin\msvcr120.dll
0x00007ff9514b0000 - 0x00007ff951556000 	C:\Program Files\Java\jre-10.0.1\bin\msvcp120.dll
0x0000000077590000 - 0x0000000078000000 	C:\Program Files\Java\jre-10.0.1\bin\server\jvm.dll
0x00007ff985310000 - 0x00007ff985318000 	C:\WINDOWS\System32\PSAPI.DLL
0x00007ff96f3b0000 - 0x00007ff96f3b9000 	C:\WINDOWS\SYSTEM32\WSOCK32.dll
0x00007ff97fb10000 - 0x00007ff97fb33000 	C:\WINDOWS\SYSTEM32\WINMM.dll
0x00007ff9855f0000 - 0x00007ff98565c000 	C:\WINDOWS\System32\WS2_32.dll
0x00007ff97fae0000 - 0x00007ff97fb0a000 	C:\WINDOWS\SYSTEM32\winmmbase.dll
0x00007ff982940000 - 0x00007ff98298a000 	C:\WINDOWS\System32\cfgmgr32.dll
0x00007ff97fba0000 - 0x00007ff97fbaf000 	C:\Program Files\Java\jre-10.0.1\bin\verify.dll
0x00007ff980600000 - 0x00007ff9807c8000 	C:\WINDOWS\SYSTEM32\DBGHELP.DLL
0x00007ff972220000 - 0x00007ff972249000 	C:\WINDOWS\SYSTEM32\dbgcore.DLL
0x00007ff9714c0000 - 0x00007ff9714e7000 	C:\Program Files\Java\jre-10.0.1\bin\java.dll
0x00007ff96e790000 - 0x00007ff96e7c6000 	C:\Program Files\Java\jre-10.0.1\bin\jdwp.dll
0x00007ff976d30000 - 0x00007ff976d46000 	C:\Program Files\Java\jre-10.0.1\bin\zip.dll
0x00007ff97d920000 - 0x00007ff97d92a000 	C:\Program Files\Java\jre-10.0.1\bin\jimage.dll
0x00007ff983b80000 - 0x00007ff984fb6000 	C:\WINDOWS\System32\SHELL32.dll
0x00007ff983850000 - 0x00007ff9838f6000 	C:\WINDOWS\System32\shcore.dll
0x00007ff981cb0000 - 0x00007ff9823f7000 	C:\WINDOWS\System32\windows.storage.dll
0x00007ff985590000 - 0x00007ff9855e1000 	C:\WINDOWS\System32\shlwapi.dll
0x00007ff981a30000 - 0x00007ff981a41000 	C:\WINDOWS\System32\kernel.appcore.dll
0x00007ff9819e0000 - 0x00007ff981a2c000 	C:\WINDOWS\System32\powrprof.dll
0x00007ff981a50000 - 0x00007ff981a6b000 	C:\WINDOWS\System32\profapi.dll
0x00007ff976c20000 - 0x00007ff976c2a000 	C:\Program Files\Java\jre-10.0.1\bin\dt_socket.dll
0x00007ff981210000 - 0x00007ff981276000 	C:\WINDOWS\System32\mswsock.dll
0x00007ff980fe0000 - 0x00007ff981096000 	C:\WINDOWS\SYSTEM32\DNSAPI.dll
0x00007ff985550000 - 0x00007ff985558000 	C:\WINDOWS\System32\NSI.dll
0x00007ff980fa0000 - 0x00007ff980fd9000 	C:\WINDOWS\SYSTEM32\IPHLPAPI.DLL
0x00007ff97acb0000 - 0x00007ff97ad20000 	C:\WINDOWS\System32\fwpuclnt.dll
0x00007ff9814e0000 - 0x00007ff981505000 	C:\WINDOWS\SYSTEM32\bcrypt.dll
0x00007ff97a950000 - 0x00007ff97a95a000 	C:\Windows\System32\rasadhlp.dll

dbghelp: loaded successfully - version: 4.0.5 - missing functions: none
symbol engine: initialized successfully - sym options: 0x614 - pdb path: .;C:\Program Files\Java\jre-10.0.1\bin;C:\WINDOWS\SYSTEM32;C:\WINDOWS\WinSxS\amd64_microsoft.windows.common-controls_6595b64144ccf1df_6.0.16299.371_none_15c7d1789365a290;C:\Program Files\Java\jre-10.0.1\bin\server

VM Arguments:
jvm_args: -agentlib:jdwp=transport=dt_socket,suspend=y,address=localhost:54327 -Dfile.encoding=GBK 
java_command: RunLengthEncoding
java_class_path (initial): C:\Users\jeanb\Desktop\OnlineCourses\UCBerkely_CS61B_Data_Structures\Homework and Projects\pj1;C:\Users\jeanb\Desktop\OnlineCourses\UCBerkely_CS61B_Data_Structures\Homework and Projects\pj1\jai_codec.jar;C:\Users\jeanb\Desktop\OnlineCourses\UCBerkely_CS61B_Data_Structures\Homework and Projects\pj1\jai_core.jar
Launcher Type: SUN_STANDARD

Logging:
Log output configuration:
#0: stdout all=warning uptime,level,tags
#1: stderr all=off uptime,level,tags

Environment Variables:
JAVA_HOME=C:\Program Files\Java\jdk-10.0.1
PATH=C:\Program Files (x86)\Common Files\Oracle\Java\javapath;C:\Program Files\Java\jdk-10.0.1\bin;C:\Users\jeanb\AppData\Local\Programs\Python\Python36-32;C:\Program Files (x86)\Java\jre1.8.0_171;C:\WINDOWS\system32;C:\WINDOWS;C:\WINDOWS\System32\Wbem;C:\WINDOWS\System32\WindowsPowerShell\v1.0\;C:\TDM-GCC-64\bin;C:\Program Files\Git\cmd;C:\Program Files\CMake\bin;C:\Users\jeanb\AppData\Local\Programs\Python\Python36-32;C:\Program Files\MATLAB\R2014a\runtime\win64;C:\Program Files\MATLAB\R2014a\bin;C:\Program Files\MATLAB\R2014a\polyspace\bin;"C:\Users\jeanb\AppData\Local\Microsoft\WindowsApps;C:\Program Files\CMake\bin;C:\Users\jeanb\AppData\Local\Programs\Python\Python36-32";C:\TDM-GCC-64\bin;;C:\Users\jeanb\AppData\Local\Microsoft\WindowsApps
USERNAME=jeanb
OS=Windows_NT
PROCESSOR_IDENTIFIER=Intel64 Family 6 Model 142 Stepping 9, GenuineIntel



---------------  S Y S T E M  ---------------

OS: Windows 10 , 64 bit Build 16299 (10.0.16299.15)

CPU:total 4 (initial active 4) (2 cores per cpu, 2 threads per core) family 6 model 142 stepping 9, cmov, cx8, fxsr, mmx, sse, sse2, sse3, ssse3, sse4.1, sse4.2, popcnt, avx, avx2, aes, clmul, erms, 3dnowpref, lzcnt, ht, tsc, tscinvbit, bmi1, bmi2, adx, fma

Memory: 4k page, physical 8260324k(335448k free), swap 33426148k(1293500k free)

vm_info: Java HotSpot(TM) 64-Bit Server VM (10.0.1+10) for windows-amd64 JRE (10.0.1+10), built on Mar 27 2018 02:27:48 by "mach5one" with MS VC++ 12.0 (VS2013)

END.
