#
# A fatal error has been detected by the Java Runtime Environment:
#
#  EXCEPTION_ACCESS_VIOLATION (0xc0000005) at pc=0x0000000077bad7e6, pid=12844, tid=16012
#
# JRE version: Java(TM) SE Runtime Environment (10.0.1+10) (build 10.0.1+10)
# Java VM: Java HotSpot(TM) 64-Bit Server VM (10.0.1+10, mixed mode, tiered, compressed oops, g1 gc, windows-amd64)
# Problematic frame:
# V  [jvm.dll+0x61d7e6]
#
# No core dump will be written. Minidumps are not enabled by default on client versions of Windows
#
# If you would like to submit a bug report, please visit:
#   http://bugreport.java.com/bugreport/crash.jsp
#

---------------  S U M M A R Y ------------

Command Line: -agentlib:jdwp=transport=dt_socket,suspend=y,address=localhost:60187 -Dfile.encoding=GBK RunLengthEncoding

Host: Intel(R) Core(TM) i5-7200U CPU @ 2.50GHz, 4 cores, 7G,  Windows 10 , 64 bit Build 16299 (10.0.16299.15)
Time: Thu May 10 12:25:28 2018 Eastern Daylight Time elapsed time: 2893 seconds (0d 0h 48m 13s)

---------------  T H R E A D  ---------------

Current thread (0x0000017b7177d000):  VMThread "VM Thread" [stack: 0x0000007145e00000,0x0000007145f00000] [id=16012]

Stack: [0x0000007145e00000,0x0000007145f00000],  sp=0x0000007145efe830,  free space=1018k
Native frames: (J=compiled Java code, j=interpreted, Vv=VM code, C=native code)
V  [jvm.dll+0x61d7e6]
V  [jvm.dll+0x31dbe3]
V  [jvm.dll+0x31fbd3]
V  [jvm.dll+0x3201ce]
V  [jvm.dll+0x31d9a5]
V  [jvm.dll+0x31cd63]
V  [jvm.dll+0x590c0f]
V  [jvm.dll+0x590ff6]
V  [jvm.dll+0x590db6]
V  [jvm.dll+0x55c228]
V  [jvm.dll+0x473b9a]
V  [jvm.dll+0x6c485c]
V  [jvm.dll+0x6c2fc5]
V  [jvm.dll+0x6c37d0]
V  [jvm.dll+0x6c3b0c]
V  [jvm.dll+0x59f680]
C  [msvcr120.dll+0x24f7f]
C  [msvcr120.dll+0x25126]
C  [KERNEL32.DLL+0x11fe4]
C  [ntdll.dll+0x6f061]


siginfo: EXCEPTION_ACCESS_VIOLATION (0xc0000005), reading address 0x0000000000000006


Register to memory mapping:

RIP=0x0000000077bad7e6 jvm.dll
RAX=0x0000000000000000 is an unknown value
RBX=0x0000000000000000 is an unknown value
RCX=0x0000007145efe890 is an unknown value
RDX=0x0000000000000000 is an unknown value
RSP=0x0000007145efe830 is an unknown value
RBP=0x0000007145efedb0 is an unknown value
RSI=0x0000000000000000 is an unknown value
RDI=0x0000007145efef30 is an unknown value
R8 =0x0000000000000000 is an unknown value
R9 =0x0000017b71bdf718 is pointing into metadata
R10=0x0000017b72284c78 is an unknown value
R11=0x0000017b717173f0 is an unknown value
R12=0x0000000077d0d601 jvm.dll
R13=0x0000000000000000 is an unknown value
R14=0x0000000000000007 is an unknown value
R15=0x0000000000000118 is an unknown value


Registers:
RAX=0x0000000000000000, RBX=0x0000000000000000, RCX=0x0000007145efe890, RDX=0x0000000000000000
RSP=0x0000007145efe830, RBP=0x0000007145efedb0, RSI=0x0000000000000000, RDI=0x0000007145efef30
R8 =0x0000000000000000, R9 =0x0000017b71bdf718, R10=0x0000017b72284c78, R11=0x0000017b717173f0
R12=0x0000000077d0d601, R13=0x0000000000000000, R14=0x0000000000000007, R15=0x0000000000000118
RIP=0x0000000077bad7e6, EFLAGS=0x0000000000010206

Top of Stack: (sp=0x0000007145efe830)
0x0000007145efe830:   0000007145efe890 0000000077badd9c
0x0000007145efe840:   0000000000000000 0000000000000000
0x0000007145efe850:   0000000000000000 00000000778adbe3
0x0000007145efe860:   0000000000000000 0000007145efef30
0x0000007145efe870:   0000007145efe8d0 0000000000000000
0x0000007145efe880:   0000000000000000 0000000000000000
0x0000007145efe890:   0000000077d58488 0000000000000000
0x0000007145efe8a0:   0000000000000000 000000710000000e
0x0000007145efe8b0:   0000007145efe8c0 0000000000000000
0x0000007145efe8c0:   0000000000000000 0000000000000000
0x0000007145efe8d0:   4fffffff4fffffff 0000017b2fffffff
0x0000007145efe8e0:   0000000000000002 000000000000000c
0x0000007145efe8f0:   0000007145efe910 0000000000000001
0x0000007145efe900:   0000000046000019 0000000000000000
0x0000007145efe910:   2fffffff4fffffff 2fffffff2fffffff
0x0000007145efe920:   0000007145efef30 0000000077bad9ac 

Instructions: (pc=0x0000000077bad7e6)
0x0000000077bad7c6:   61 00 8d d7 61 00 cc cc cc cc 40 53 48 83 ec 20
0x0000000077bad7d6:   48 8b 41 08 c7 41 10 00 00 00 00 48 89 7c 24 38
0x0000000077bad7e6:   80 78 06 28 48 8b d9 74 22 41 b9 28 00 00 00 4c
0x0000000077bad7f6:   8d 05 64 36 1f 00 48 8d 0d 6d 36 1f 00 41 8d 51 


VM_Operation (0x00000071468ff390): GetOrSetLocal, mode: safepoint, requested by thread 0x0000017b722b8800


---------------  P R O C E S S  ---------------

Threads class SMR info:
_java_thread_list=0x0000017b722b0140, length=14, elements={
0x0000017b53fbe000, 0x0000017b71782000, 0x0000017b71797000, 0x0000017b72102800,
0x0000017b717b5000, 0x0000017b717b9000, 0x0000017b7214e800, 0x0000017b7215b800,
0x0000017b72174000, 0x0000017b722b8800, 0x0000017b722bb800, 0x0000017b722be000,
0x0000017b722c8800, 0x0000017b722d4000
}

Java Threads: ( => current thread )
  0x0000017b53fbe000 JavaThread "main" [_thread_blocked, id=23432, stack(0x0000007145200000,0x0000007145300000)]
  0x0000017b71782000 JavaThread "Reference Handler" daemon [_thread_blocked, id=31284, stack(0x0000007145f00000,0x0000007146000000)]
  0x0000017b71797000 JavaThread "Finalizer" daemon [_thread_blocked, id=21944, stack(0x0000007146000000,0x0000007146100000)]
  0x0000017b72102800 JavaThread "Signal Dispatcher" daemon [_thread_blocked, id=20664, stack(0x0000007146200000,0x0000007146300000)]
  0x0000017b717b5000 JavaThread "Attach Listener" daemon [_thread_blocked, id=32136, stack(0x0000007146300000,0x0000007146400000)]
  0x0000017b717b9000 JavaThread "C2 CompilerThread0" daemon [_thread_blocked, id=31320, stack(0x0000007146400000,0x0000007146500000)]
  0x0000017b7214e800 JavaThread "C2 CompilerThread1" daemon [_thread_blocked, id=12964, stack(0x0000007146500000,0x0000007146600000)]
  0x0000017b7215b800 JavaThread "C1 CompilerThread2" daemon [_thread_blocked, id=26852, stack(0x0000007146600000,0x0000007146700000)]
  0x0000017b72174000 JavaThread "Sweeper thread" daemon [_thread_blocked, id=23876, stack(0x0000007146700000,0x0000007146800000)]
  0x0000017b722b8800 JavaThread "JDWP Transport Listener: dt_socket" daemon [_thread_blocked, id=18660, stack(0x0000007146800000,0x0000007146900000)] _threads_hazard_ptr=0x0000017b722b0140
  0x0000017b722bb800 JavaThread "JDWP Event Helper Thread" daemon [_thread_blocked, id=17292, stack(0x0000007146900000,0x0000007146a00000)]
  0x0000017b722be000 JavaThread "JDWP Command Reader" daemon [_thread_in_native, id=1324, stack(0x0000007146a00000,0x0000007146b00000)]
  0x0000017b722c8800 JavaThread "Service Thread" daemon [_thread_blocked, id=32060, stack(0x0000007146b00000,0x0000007146c00000)]
  0x0000017b722d4000 JavaThread "Common-Cleaner" daemon [_thread_blocked, id=30520, stack(0x0000007146c00000,0x0000007146d00000)]

Other Threads:
=>0x0000017b7177d000 VMThread "VM Thread" [stack: 0x0000007145e00000,0x0000007145f00000] [id=16012]
  0x0000017b722d9000 WatcherThread [stack: 0x0000007146d00000,0x0000007146e00000] [id=8912]
  0x0000017b53fd6000 GCTaskThread "GC Thread#0" [stack: 0x0000007145300000,0x0000007145400000] [id=29468]
  0x0000017b53fd8800 GCTaskThread "GC Thread#1" [stack: 0x0000007145400000,0x0000007145500000] [id=17888]
  0x0000017b53fdc000 GCTaskThread "GC Thread#2" [stack: 0x0000007145500000,0x0000007145600000] [id=1972]
  0x0000017b53fe7000 GCTaskThread "GC Thread#3" [stack: 0x0000007145600000,0x0000007145700000] [id=26236]
  0x0000017b54051000 ConcurrentGCThread "G1 Main Marker" [stack: 0x0000007145700000,0x0000007145800000] [id=19848]
  0x0000017b5405a000 ConcurrentGCThread "G1 Conc#0" [stack: 0x0000007145800000,0x0000007145900000] [id=29000]
  0x0000017b71610800 ConcurrentGCThread "G1 Refine#0" [stack: 0x0000007145900000,0x0000007145a00000] [id=11376]
  0x0000017b71611800 ConcurrentGCThread "G1 Refine#1" [stack: 0x0000007145a00000,0x0000007145b00000] [id=9556]
  0x0000017b71612800 ConcurrentGCThread "G1 Refine#2" [stack: 0x0000007145b00000,0x0000007145c00000] [id=18148]
  0x0000017b71615000 ConcurrentGCThread "G1 Refine#3" [stack: 0x0000007145c00000,0x0000007145d00000] [id=18052]
  0x0000017b71618000 ConcurrentGCThread "G1 Young RemSet Sampling" [stack: 0x0000007145d00000,0x0000007145e00000] [id=21912]

Threads with active compile tasks:

VM state:at safepoint (normal execution)

VM Mutex/Monitor currently owned by a thread:  ([mutex/lock_event])
[0x0000017b53fbcfa0] Threads_lock - owner thread: 0x0000017b7177d000

Heap address: 0x0000000081e00000, size: 2018 MB, Compressed Oops mode: 32-bit
Narrow klass base: 0x0000000000000000, Narrow klass shift: 3
Compressed class space size: 1073741824 Address: 0x0000000100000000

Heap:
 garbage-first heap   total 131072K, used 1024K [0x0000000081e00000, 0x0000000100000000)
  region size 1024K, 2 young (2048K), 0 survivors (0K)
 Metaspace       used 3630K, capacity 4630K, committed 4864K, reserved 1056768K
  class space    used 341K, capacity 390K, committed 512K, reserved 1048576K
Heap Regions: E=young(eden), S=young(survivor), O=old, HS=humongous(starts), HC=humongous(continues), CS=collection set, F=free, A=archive, TS=gc time stamp, AC=allocation context, TAMS=top-at-mark-start (previous, next)
|   0|0x0000000081e00000, 0x0000000081e00000, 0x0000000081f00000|  0%| F|  |TS  0|AC  0|TAMS 0x0000000081e00000, 0x0000000081e00000|
|   1|0x0000000081f00000, 0x0000000081f00000, 0x0000000082000000|  0%| F|  |TS  0|AC  0|TAMS 0x0000000081f00000, 0x0000000081f00000|
|   2|0x0000000082000000, 0x0000000082000000, 0x0000000082100000|  0%| F|  |TS  0|AC  0|TAMS 0x0000000082000000, 0x0000000082000000|
|   3|0x0000000082100000, 0x0000000082100000, 0x0000000082200000|  0%| F|  |TS  0|AC  0|TAMS 0x0000000082100000, 0x0000000082100000|
|   4|0x0000000082200000, 0x0000000082200000, 0x0000000082300000|  0%| F|  |TS  0|AC  0|TAMS 0x0000000082200000, 0x0000000082200000|
|   5|0x0000000082300000, 0x0000000082300000, 0x0000000082400000|  0%| F|  |TS  0|AC  0|TAMS 0x0000000082300000, 0x0000000082300000|
|   6|0x0000000082400000, 0x0000000082400000, 0x0000000082500000|  0%| F|  |TS  0|AC  0|TAMS 0x0000000082400000, 0x0000000082400000|
|   7|0x0000000082500000, 0x0000000082500000, 0x0000000082600000|  0%| F|  |TS  0|AC  0|TAMS 0x0000000082500000, 0x0000000082500000|
|   8|0x0000000082600000, 0x0000000082600000, 0x0000000082700000|  0%| F|  |TS  0|AC  0|TAMS 0x0000000082600000, 0x0000000082600000|
|   9|0x0000000082700000, 0x0000000082700000, 0x0000000082800000|  0%| F|  |TS  0|AC  0|TAMS 0x0000000082700000, 0x0000000082700000|
|  10|0x0000000082800000, 0x0000000082800000, 0x0000000082900000|  0%| F|  |TS  0|AC  0|TAMS 0x0000000082800000, 0x0000000082800000|
|  11|0x0000000082900000, 0x0000000082900000, 0x0000000082a00000|  0%| F|  |TS  0|AC  0|TAMS 0x0000000082900000, 0x0000000082900000|
|  12|0x0000000082a00000, 0x0000000082a00000, 0x0000000082b00000|  0%| F|  |TS  0|AC  0|TAMS 0x0000000082a00000, 0x0000000082a00000|
|  13|0x0000000082b00000, 0x0000000082b00000, 0x0000000082c00000|  0%| F|  |TS  0|AC  0|TAMS 0x0000000082b00000, 0x0000000082b00000|
|  14|0x0000000082c00000, 0x0000000082c00000, 0x0000000082d00000|  0%| F|  |TS  0|AC  0|TAMS 0x0000000082c00000, 0x0000000082c00000|
|  15|0x0000000082d00000, 0x0000000082d00000, 0x0000000082e00000|  0%| F|  |TS  0|AC  0|TAMS 0x0000000082d00000, 0x0000000082d00000|
|  16|0x0000000082e00000, 0x0000000082e00000, 0x0000000082f00000|  0%| F|  |TS  0|AC  0|TAMS 0x0000000082e00000, 0x0000000082e00000|
|  17|0x0000000082f00000, 0x0000000082f00000, 0x0000000083000000|  0%| F|  |TS  0|AC  0|TAMS 0x0000000082f00000, 0x0000000082f00000|
|  18|0x0000000083000000, 0x0000000083000000, 0x0000000083100000|  0%| F|  |TS  0|AC  0|TAMS 0x0000000083000000, 0x0000000083000000|
|  19|0x0000000083100000, 0x0000000083100000, 0x0000000083200000|  0%| F|  |TS  0|AC  0|TAMS 0x0000000083100000, 0x0000000083100000|
|  20|0x0000000083200000, 0x0000000083200000, 0x0000000083300000|  0%| F|  |TS  0|AC  0|TAMS 0x0000000083200000, 0x0000000083200000|
|  21|0x0000000083300000, 0x0000000083300000, 0x0000000083400000|  0%| F|  |TS  0|AC  0|TAMS 0x0000000083300000, 0x0000000083300000|
|  22|0x0000000083400000, 0x0000000083400000, 0x0000000083500000|  0%| F|  |TS  0|AC  0|TAMS 0x0000000083400000, 0x0000000083400000|
|  23|0x0000000083500000, 0x0000000083500000, 0x0000000083600000|  0%| F|  |TS  0|AC  0|TAMS 0x0000000083500000, 0x0000000083500000|
|  24|0x0000000083600000, 0x0000000083600000, 0x0000000083700000|  0%| F|  |TS  0|AC  0|TAMS 0x0000000083600000, 0x0000000083600000|
|  25|0x0000000083700000, 0x0000000083700000, 0x0000000083800000|  0%| F|  |TS  0|AC  0|TAMS 0x0000000083700000, 0x0000000083700000|
|  26|0x0000000083800000, 0x0000000083800000, 0x0000000083900000|  0%| F|  |TS  0|AC  0|TAMS 0x0000000083800000, 0x0000000083800000|
|  27|0x0000000083900000, 0x0000000083900000, 0x0000000083a00000|  0%| F|  |TS  0|AC  0|TAMS 0x0000000083900000, 0x0000000083900000|
|  28|0x0000000083a00000, 0x0000000083a00000, 0x0000000083b00000|  0%| F|  |TS  0|AC  0|TAMS 0x0000000083a00000, 0x0000000083a00000|
|  29|0x0000000083b00000, 0x0000000083b00000, 0x0000000083c00000|  0%| F|  |TS  0|AC  0|TAMS 0x0000000083b00000, 0x0000000083b00000|
|  30|0x0000000083c00000, 0x0000000083c00000, 0x0000000083d00000|  0%| F|  |TS  0|AC  0|TAMS 0x0000000083c00000, 0x0000000083c00000|
|  31|0x0000000083d00000, 0x0000000083d00000, 0x0000000083e00000|  0%| F|  |TS  0|AC  0|TAMS 0x0000000083d00000, 0x0000000083d00000|
|  32|0x0000000083e00000, 0x0000000083e00000, 0x0000000083f00000|  0%| F|  |TS  0|AC  0|TAMS 0x0000000083e00000, 0x0000000083e00000|
|  33|0x0000000083f00000, 0x0000000083f00000, 0x0000000084000000|  0%| F|  |TS  0|AC  0|TAMS 0x0000000083f00000, 0x0000000083f00000|
|  34|0x0000000084000000, 0x0000000084000000, 0x0000000084100000|  0%| F|  |TS  0|AC  0|TAMS 0x0000000084000000, 0x0000000084000000|
|  35|0x0000000084100000, 0x0000000084100000, 0x0000000084200000|  0%| F|  |TS  0|AC  0|TAMS 0x0000000084100000, 0x0000000084100000|
|  36|0x0000000084200000, 0x0000000084200000, 0x0000000084300000|  0%| F|  |TS  0|AC  0|TAMS 0x0000000084200000, 0x0000000084200000|
|  37|0x0000000084300000, 0x0000000084300000, 0x0000000084400000|  0%| F|  |TS  0|AC  0|TAMS 0x0000000084300000, 0x0000000084300000|
|  38|0x0000000084400000, 0x0000000084400000, 0x0000000084500000|  0%| F|  |TS  0|AC  0|TAMS 0x0000000084400000, 0x0000000084400000|
|  39|0x0000000084500000, 0x0000000084500000, 0x0000000084600000|  0%| F|  |TS  0|AC  0|TAMS 0x0000000084500000, 0x0000000084500000|
|  40|0x0000000084600000, 0x0000000084600000, 0x0000000084700000|  0%| F|  |TS  0|AC  0|TAMS 0x0000000084600000, 0x0000000084600000|
|  41|0x0000000084700000, 0x0000000084700000, 0x0000000084800000|  0%| F|  |TS  0|AC  0|TAMS 0x0000000084700000, 0x0000000084700000|
|  42|0x0000000084800000, 0x0000000084800000, 0x0000000084900000|  0%| F|  |TS  0|AC  0|TAMS 0x0000000084800000, 0x0000000084800000|
|  43|0x0000000084900000, 0x0000000084900000, 0x0000000084a00000|  0%| F|  |TS  0|AC  0|TAMS 0x0000000084900000, 0x0000000084900000|
|  44|0x0000000084a00000, 0x0000000084a00000, 0x0000000084b00000|  0%| F|  |TS  0|AC  0|TAMS 0x0000000084a00000, 0x0000000084a00000|
|  45|0x0000000084b00000, 0x0000000084b00000, 0x0000000084c00000|  0%| F|  |TS  0|AC  0|TAMS 0x0000000084b00000, 0x0000000084b00000|
|  46|0x0000000084c00000, 0x0000000084c00000, 0x0000000084d00000|  0%| F|  |TS  0|AC  0|TAMS 0x0000000084c00000, 0x0000000084c00000|
|  47|0x0000000084d00000, 0x0000000084d00000, 0x0000000084e00000|  0%| F|  |TS  0|AC  0|TAMS 0x0000000084d00000, 0x0000000084d00000|
|  48|0x0000000084e00000, 0x0000000084e00000, 0x0000000084f00000|  0%| F|  |TS  0|AC  0|TAMS 0x0000000084e00000, 0x0000000084e00000|
|  49|0x0000000084f00000, 0x0000000084f00000, 0x0000000085000000|  0%| F|  |TS  0|AC  0|TAMS 0x0000000084f00000, 0x0000000084f00000|
|  50|0x0000000085000000, 0x0000000085000000, 0x0000000085100000|  0%| F|  |TS  0|AC  0|TAMS 0x0000000085000000, 0x0000000085000000|
|  51|0x0000000085100000, 0x0000000085100000, 0x0000000085200000|  0%| F|  |TS  0|AC  0|TAMS 0x0000000085100000, 0x0000000085100000|
|  52|0x0000000085200000, 0x0000000085200000, 0x0000000085300000|  0%| F|  |TS  0|AC  0|TAMS 0x0000000085200000, 0x0000000085200000|
|  53|0x0000000085300000, 0x0000000085300000, 0x0000000085400000|  0%| F|  |TS  0|AC  0|TAMS 0x0000000085300000, 0x0000000085300000|
|  54|0x0000000085400000, 0x0000000085400000, 0x0000000085500000|  0%| F|  |TS  0|AC  0|TAMS 0x0000000085400000, 0x0000000085400000|
|  55|0x0000000085500000, 0x0000000085500000, 0x0000000085600000|  0%| F|  |TS  0|AC  0|TAMS 0x0000000085500000, 0x0000000085500000|
|  56|0x0000000085600000, 0x0000000085600000, 0x0000000085700000|  0%| F|  |TS  0|AC  0|TAMS 0x0000000085600000, 0x0000000085600000|
|  57|0x0000000085700000, 0x0000000085700000, 0x0000000085800000|  0%| F|  |TS  0|AC  0|TAMS 0x0000000085700000, 0x0000000085700000|
|  58|0x0000000085800000, 0x0000000085800000, 0x0000000085900000|  0%| F|  |TS  0|AC  0|TAMS 0x0000000085800000, 0x0000000085800000|
|  59|0x0000000085900000, 0x0000000085900000, 0x0000000085a00000|  0%| F|  |TS  0|AC  0|TAMS 0x0000000085900000, 0x0000000085900000|
|  60|0x0000000085a00000, 0x0000000085a00000, 0x0000000085b00000|  0%| F|  |TS  0|AC  0|TAMS 0x0000000085a00000, 0x0000000085a00000|
|  61|0x0000000085b00000, 0x0000000085b00000, 0x0000000085c00000|  0%| F|  |TS  0|AC  0|TAMS 0x0000000085b00000, 0x0000000085b00000|
|  62|0x0000000085c00000, 0x0000000085c00000, 0x0000000085d00000|  0%| F|  |TS  0|AC  0|TAMS 0x0000000085c00000, 0x0000000085c00000|
|  63|0x0000000085d00000, 0x0000000085d00000, 0x0000000085e00000|  0%| F|  |TS  0|AC  0|TAMS 0x0000000085d00000, 0x0000000085d00000|
|  64|0x0000000085e00000, 0x0000000085e00000, 0x0000000085f00000|  0%| F|  |TS  0|AC  0|TAMS 0x0000000085e00000, 0x0000000085e00000|
|  65|0x0000000085f00000, 0x0000000085f00000, 0x0000000086000000|  0%| F|  |TS  0|AC  0|TAMS 0x0000000085f00000, 0x0000000085f00000|
|  66|0x0000000086000000, 0x0000000086000000, 0x0000000086100000|  0%| F|  |TS  0|AC  0|TAMS 0x0000000086000000, 0x0000000086000000|
|  67|0x0000000086100000, 0x0000000086100000, 0x0000000086200000|  0%| F|  |TS  0|AC  0|TAMS 0x0000000086100000, 0x0000000086100000|
|  68|0x0000000086200000, 0x0000000086200000, 0x0000000086300000|  0%| F|  |TS  0|AC  0|TAMS 0x0000000086200000, 0x0000000086200000|
|  69|0x0000000086300000, 0x0000000086300000, 0x0000000086400000|  0%| F|  |TS  0|AC  0|TAMS 0x0000000086300000, 0x0000000086300000|
|  70|0x0000000086400000, 0x0000000086400000, 0x0000000086500000|  0%| F|  |TS  0|AC  0|TAMS 0x0000000086400000, 0x0000000086400000|
|  71|0x0000000086500000, 0x0000000086500000, 0x0000000086600000|  0%| F|  |TS  0|AC  0|TAMS 0x0000000086500000, 0x0000000086500000|
|  72|0x0000000086600000, 0x0000000086600000, 0x0000000086700000|  0%| F|  |TS  0|AC  0|TAMS 0x0000000086600000, 0x0000000086600000|
|  73|0x0000000086700000, 0x0000000086700000, 0x0000000086800000|  0%| F|  |TS  0|AC  0|TAMS 0x0000000086700000, 0x0000000086700000|
|  74|0x0000000086800000, 0x0000000086800000, 0x0000000086900000|  0%| F|  |TS  0|AC  0|TAMS 0x0000000086800000, 0x0000000086800000|
|  75|0x0000000086900000, 0x0000000086900000, 0x0000000086a00000|  0%| F|  |TS  0|AC  0|TAMS 0x0000000086900000, 0x0000000086900000|
|  76|0x0000000086a00000, 0x0000000086a00000, 0x0000000086b00000|  0%| F|  |TS  0|AC  0|TAMS 0x0000000086a00000, 0x0000000086a00000|
|  77|0x0000000086b00000, 0x0000000086b00000, 0x0000000086c00000|  0%| F|  |TS  0|AC  0|TAMS 0x0000000086b00000, 0x0000000086b00000|
|  78|0x0000000086c00000, 0x0000000086c00000, 0x0000000086d00000|  0%| F|  |TS  0|AC  0|TAMS 0x0000000086c00000, 0x0000000086c00000|
|  79|0x0000000086d00000, 0x0000000086d00000, 0x0000000086e00000|  0%| F|  |TS  0|AC  0|TAMS 0x0000000086d00000, 0x0000000086d00000|
|  80|0x0000000086e00000, 0x0000000086e00000, 0x0000000086f00000|  0%| F|  |TS  0|AC  0|TAMS 0x0000000086e00000, 0x0000000086e00000|
|  81|0x0000000086f00000, 0x0000000086f00000, 0x0000000087000000|  0%| F|  |TS  0|AC  0|TAMS 0x0000000086f00000, 0x0000000086f00000|
|  82|0x0000000087000000, 0x0000000087000000, 0x0000000087100000|  0%| F|  |TS  0|AC  0|TAMS 0x0000000087000000, 0x0000000087000000|
|  83|0x0000000087100000, 0x0000000087100000, 0x0000000087200000|  0%| F|  |TS  0|AC  0|TAMS 0x0000000087100000, 0x0000000087100000|
|  84|0x0000000087200000, 0x0000000087200000, 0x0000000087300000|  0%| F|  |TS  0|AC  0|TAMS 0x0000000087200000, 0x0000000087200000|
|  85|0x0000000087300000, 0x0000000087300000, 0x0000000087400000|  0%| F|  |TS  0|AC  0|TAMS 0x0000000087300000, 0x0000000087300000|
|  86|0x0000000087400000, 0x0000000087400000, 0x0000000087500000|  0%| F|  |TS  0|AC  0|TAMS 0x0000000087400000, 0x0000000087400000|
|  87|0x0000000087500000, 0x0000000087500000, 0x0000000087600000|  0%| F|  |TS  0|AC  0|TAMS 0x0000000087500000, 0x0000000087500000|
|  88|0x0000000087600000, 0x0000000087600000, 0x0000000087700000|  0%| F|  |TS  0|AC  0|TAMS 0x0000000087600000, 0x0000000087600000|
|  89|0x0000000087700000, 0x0000000087700000, 0x0000000087800000|  0%| F|  |TS  0|AC  0|TAMS 0x0000000087700000, 0x0000000087700000|
|  90|0x0000000087800000, 0x0000000087800000, 0x0000000087900000|  0%| F|  |TS  0|AC  0|TAMS 0x0000000087800000, 0x0000000087800000|
|  91|0x0000000087900000, 0x0000000087900000, 0x0000000087a00000|  0%| F|  |TS  0|AC  0|TAMS 0x0000000087900000, 0x0000000087900000|
|  92|0x0000000087a00000, 0x0000000087a00000, 0x0000000087b00000|  0%| F|  |TS  0|AC  0|TAMS 0x0000000087a00000, 0x0000000087a00000|
|  93|0x0000000087b00000, 0x0000000087b00000, 0x0000000087c00000|  0%| F|  |TS  0|AC  0|TAMS 0x0000000087b00000, 0x0000000087b00000|
|  94|0x0000000087c00000, 0x0000000087c00000, 0x0000000087d00000|  0%| F|  |TS  0|AC  0|TAMS 0x0000000087c00000, 0x0000000087c00000|
|  95|0x0000000087d00000, 0x0000000087d00000, 0x0000000087e00000|  0%| F|  |TS  0|AC  0|TAMS 0x0000000087d00000, 0x0000000087d00000|
|  96|0x0000000087e00000, 0x0000000087e00000, 0x0000000087f00000|  0%| F|  |TS  0|AC  0|TAMS 0x0000000087e00000, 0x0000000087e00000|
|  97|0x0000000087f00000, 0x0000000087f00000, 0x0000000088000000|  0%| F|  |TS  0|AC  0|TAMS 0x0000000087f00000, 0x0000000087f00000|
|  98|0x0000000088000000, 0x0000000088000000, 0x0000000088100000|  0%| F|  |TS  0|AC  0|TAMS 0x0000000088000000, 0x0000000088000000|
|  99|0x0000000088100000, 0x0000000088100000, 0x0000000088200000|  0%| F|  |TS  0|AC  0|TAMS 0x0000000088100000, 0x0000000088100000|
| 100|0x0000000088200000, 0x0000000088200000, 0x0000000088300000|  0%| F|  |TS  0|AC  0|TAMS 0x0000000088200000, 0x0000000088200000|
| 101|0x0000000088300000, 0x0000000088300000, 0x0000000088400000|  0%| F|  |TS  0|AC  0|TAMS 0x0000000088300000, 0x0000000088300000|
| 102|0x0000000088400000, 0x0000000088400000, 0x0000000088500000|  0%| F|  |TS  0|AC  0|TAMS 0x0000000088400000, 0x0000000088400000|
| 103|0x0000000088500000, 0x0000000088500000, 0x0000000088600000|  0%| F|  |TS  0|AC  0|TAMS 0x0000000088500000, 0x0000000088500000|
| 104|0x0000000088600000, 0x0000000088600000, 0x0000000088700000|  0%| F|  |TS  0|AC  0|TAMS 0x0000000088600000, 0x0000000088600000|
| 105|0x0000000088700000, 0x0000000088700000, 0x0000000088800000|  0%| F|  |TS  0|AC  0|TAMS 0x0000000088700000, 0x0000000088700000|
| 106|0x0000000088800000, 0x0000000088800000, 0x0000000088900000|  0%| F|  |TS  0|AC  0|TAMS 0x0000000088800000, 0x0000000088800000|
| 107|0x0000000088900000, 0x0000000088900000, 0x0000000088a00000|  0%| F|  |TS  0|AC  0|TAMS 0x0000000088900000, 0x0000000088900000|
| 108|0x0000000088a00000, 0x0000000088a00000, 0x0000000088b00000|  0%| F|  |TS  0|AC  0|TAMS 0x0000000088a00000, 0x0000000088a00000|
| 109|0x0000000088b00000, 0x0000000088b00000, 0x0000000088c00000|  0%| F|  |TS  0|AC  0|TAMS 0x0000000088b00000, 0x0000000088b00000|
| 110|0x0000000088c00000, 0x0000000088c00000, 0x0000000088d00000|  0%| F|  |TS  0|AC  0|TAMS 0x0000000088c00000, 0x0000000088c00000|
| 111|0x0000000088d00000, 0x0000000088d00000, 0x0000000088e00000|  0%| F|  |TS  0|AC  0|TAMS 0x0000000088d00000, 0x0000000088d00000|
| 112|0x0000000088e00000, 0x0000000088e00000, 0x0000000088f00000|  0%| F|  |TS  0|AC  0|TAMS 0x0000000088e00000, 0x0000000088e00000|
| 113|0x0000000088f00000, 0x0000000088f00000, 0x0000000089000000|  0%| F|  |TS  0|AC  0|TAMS 0x0000000088f00000, 0x0000000088f00000|
| 114|0x0000000089000000, 0x0000000089000000, 0x0000000089100000|  0%| F|  |TS  0|AC  0|TAMS 0x0000000089000000, 0x0000000089000000|
| 115|0x0000000089100000, 0x0000000089100000, 0x0000000089200000|  0%| F|  |TS  0|AC  0|TAMS 0x0000000089100000, 0x0000000089100000|
| 116|0x0000000089200000, 0x0000000089200000, 0x0000000089300000|  0%| F|  |TS  0|AC  0|TAMS 0x0000000089200000, 0x0000000089200000|
| 117|0x0000000089300000, 0x0000000089300000, 0x0000000089400000|  0%| F|  |TS  0|AC  0|TAMS 0x0000000089300000, 0x0000000089300000|
| 118|0x0000000089400000, 0x0000000089400000, 0x0000000089500000|  0%| F|  |TS  0|AC  0|TAMS 0x0000000089400000, 0x0000000089400000|
| 119|0x0000000089500000, 0x0000000089500000, 0x0000000089600000|  0%| F|  |TS  0|AC  0|TAMS 0x0000000089500000, 0x0000000089500000|
| 120|0x0000000089600000, 0x0000000089600000, 0x0000000089700000|  0%| F|  |TS  0|AC  0|TAMS 0x0000000089600000, 0x0000000089600000|
| 121|0x0000000089700000, 0x0000000089700000, 0x0000000089800000|  0%| F|  |TS  0|AC  0|TAMS 0x0000000089700000, 0x0000000089700000|
| 122|0x0000000089800000, 0x0000000089800000, 0x0000000089900000|  0%| F|  |TS  0|AC  0|TAMS 0x0000000089800000, 0x0000000089800000|
| 123|0x0000000089900000, 0x0000000089900000, 0x0000000089a00000|  0%| F|  |TS  0|AC  0|TAMS 0x0000000089900000, 0x0000000089900000|
| 124|0x0000000089a00000, 0x0000000089a00000, 0x0000000089b00000|  0%| F|  |TS  0|AC  0|TAMS 0x0000000089a00000, 0x0000000089a00000|
| 125|0x0000000089b00000, 0x0000000089b00000, 0x0000000089c00000|  0%| F|  |TS  0|AC  0|TAMS 0x0000000089b00000, 0x0000000089b00000|
| 126|0x0000000089c00000, 0x0000000089ce1100, 0x0000000089d00000| 87%| E|  |TS  0|AC  0|TAMS 0x0000000089c00000, 0x0000000089c00000|
| 127|0x0000000089d00000, 0x0000000089e00000, 0x0000000089e00000|100%| E|CS|TS  0|AC  0|TAMS 0x0000000089d00000, 0x0000000089d00000|

Card table byte_map: [0x0000017b6ab70000,0x0000017b6af70000] byte_map_base: 0x0000017b6a761000

Marking Bits (Prev, Next): (CMBitMap*) 0x0000017b54050470, (CMBitMap*) 0x0000017b540504a8
 Prev Bits: [0x0000017b6b370000, 0x0000017b6d2f8000)
 Next Bits: [0x0000017b6d300000, 0x0000017b6f288000)

Polling page: 0x0000017b4f960000

CodeHeap 'non-profiled nmethods': size=120064Kb used=33Kb max_used=33Kb free=120030Kb
 bounds [0x0000017b63230000, 0x0000017b634a0000, 0x0000017b6a770000]
CodeHeap 'profiled nmethods': size=120000Kb used=169Kb max_used=169Kb free=119830Kb
 bounds [0x0000017b5bd00000, 0x0000017b5bf70000, 0x0000017b63230000]
CodeHeap 'non-nmethods': size=5696Kb used=1070Kb max_used=1081Kb free=4625Kb
 bounds [0x0000017b5b770000, 0x0000017b5b9e0000, 0x0000017b5bd00000]
 total_blobs=420 nmethods=122 adapters=159
 compilation: enabled

Compilation events (10 events):
Event: 235.761 Thread 0x0000017b7215b800  117       3       java.lang.AbstractStringBuilder::<init> (39 bytes)
Event: 235.761 Thread 0x0000017b7215b800 nmethod 117 0x0000017b5bd28f90 code [0x0000017b5bd29160, 0x0000017b5bd29438]
Event: 235.761 Thread 0x0000017b7215b800  118       3       java.lang.StringBuilder::toString (35 bytes)
Event: 235.762 Thread 0x0000017b7215b800 nmethod 118 0x0000017b5bd29510 code [0x0000017b5bd29700, 0x0000017b5bd29c20]
Event: 624.823 Thread 0x0000017b7215b800  119       1       java.nio.Buffer::position (5 bytes)
Event: 624.824 Thread 0x0000017b7215b800 nmethod 119 0x0000017b63237890 code [0x0000017b63237a40, 0x0000017b63237b58]
Event: 1882.449 Thread 0x0000017b7215b800  121       3       jdk.internal.misc.Unsafe::putObjectRelease (9 bytes)
Event: 1882.450 Thread 0x0000017b7215b800 nmethod 121 0x0000017b5bd29d90 code [0x0000017b5bd29f40, 0x0000017b5bd2a0f8]
Event: 1882.450 Thread 0x0000017b7215b800  123       3       java.util.concurrent.ConcurrentHashMap::setTabAt (20 bytes)
Event: 1882.450 Thread 0x0000017b7215b800 nmethod 123 0x0000017b5bd2a190 code [0x0000017b5bd2a340, 0x0000017b5bd2a618]

GC Heap History (0 events):
No events

Deoptimization events (1 events):
Event: 0.526 Thread 0x0000017b53fbe000 Uncommon trap: reason=unstable_if action=reinterpret pc=0x0000017b63235c08 method=java.lang.String.hashCode()I @ 14 c2

Classes redefined (4 events):
Event: 1882.451 Thread 0x0000017b7177d000 redefined class name=RunLengthEncoding, count=1
Event: 2054.174 Thread 0x0000017b7177d000 redefined class name=RunLengthEncoding, count=2
Event: 2126.641 Thread 0x0000017b7177d000 redefined class name=RunLengthEncoding, count=3
Event: 2314.587 Thread 0x0000017b7177d000 redefined class name=RunLengthEncoding, count=4

Internal exceptions (0 events):
No events

Events (10 events):
Event: 2314.628 Executing VM operation: GetFrameLocation done
Event: 2314.965 Executing VM operation: GetFrameCount
Event: 2314.965 Executing VM operation: GetFrameCount done
Event: 2314.965 Executing VM operation: GetOwnedMonitorInfo
Event: 2314.965 Executing VM operation: GetOwnedMonitorInfo done
Event: 2314.965 Executing VM operation: GetCurrentContendedMonitor
Event: 2314.965 Executing VM operation: GetCurrentContendedMonitor done
Event: 2893.738 Executing VM operation: GetFrameLocation
Event: 2893.738 Executing VM operation: GetFrameLocation done
Event: 2893.738 Executing VM operation: GetOrSetLocal


Dynamic libraries:
0x00007ff756520000 - 0x00007ff75655e000 	C:\Program Files\Java\jre-10.0.1\bin\javaw.exe
0x00007ff985690000 - 0x00007ff985870000 	C:\WINDOWS\SYSTEM32\ntdll.dll
0x00007ff985380000 - 0x00007ff98542e000 	C:\WINDOWS\System32\KERNEL32.DLL
0x00007ff982500000 - 0x00007ff982766000 	C:\WINDOWS\System32\KERNELBASE.dll
0x00007ff985260000 - 0x00007ff985301000 	C:\WINDOWS\System32\ADVAPI32.dll
0x00007ff983ae0000 - 0x00007ff983b7d000 	C:\WINDOWS\System32\msvcrt.dll
0x00007ff982d80000 - 0x00007ff982ddb000 	C:\WINDOWS\System32\sechost.dll
0x00007ff985430000 - 0x00007ff98554f000 	C:\WINDOWS\System32\RPCRT4.dll
0x00007ff9850d0000 - 0x00007ff98525f000 	C:\WINDOWS\System32\USER32.dll
0x00007ff9828c0000 - 0x00007ff9828e0000 	C:\WINDOWS\System32\win32u.dll
0x00007ff983960000 - 0x00007ff983988000 	C:\WINDOWS\System32\GDI32.dll
0x00007ff981a90000 - 0x00007ff981c23000 	C:\WINDOWS\System32\gdi32full.dll
0x00007ff982770000 - 0x00007ff98280b000 	C:\WINDOWS\System32\msvcp_win.dll
0x00007ff982400000 - 0x00007ff9824f6000 	C:\WINDOWS\System32\ucrtbase.dll
0x00007ff973490000 - 0x00007ff9736f9000 	C:\WINDOWS\WinSxS\amd64_microsoft.windows.common-controls_6595b64144ccf1df_6.0.16299.371_none_15c7d1789365a290\COMCTL32.dll
0x00007ff983540000 - 0x00007ff983848000 	C:\WINDOWS\System32\combase.dll
0x00007ff981c30000 - 0x00007ff981ca2000 	C:\WINDOWS\System32\bcryptPrimitives.dll
0x00007ff975140000 - 0x00007ff97514a000 	C:\WINDOWS\SYSTEM32\VERSION.dll
0x00007ff985560000 - 0x00007ff98558d000 	C:\WINDOWS\System32\IMM32.DLL
0x00007ff95be80000 - 0x00007ff95bf6f000 	C:\Program Files\Java\jre-10.0.1\bin\msvcr120.dll
0x00007ff9514b0000 - 0x00007ff951556000 	C:\Program Files\Java\jre-10.0.1\bin\msvcp120.dll
0x0000000077590000 - 0x0000000078000000 	C:\Program Files\Java\jre-10.0.1\bin\server\jvm.dll
0x00007ff985310000 - 0x00007ff985318000 	C:\WINDOWS\System32\PSAPI.DLL
0x00007ff96f3b0000 - 0x00007ff96f3b9000 	C:\WINDOWS\SYSTEM32\WSOCK32.dll
0x00007ff97fb10000 - 0x00007ff97fb33000 	C:\WINDOWS\SYSTEM32\WINMM.dll
0x00007ff9855f0000 - 0x00007ff98565c000 	C:\WINDOWS\System32\WS2_32.dll
0x00007ff97fae0000 - 0x00007ff97fb0a000 	C:\WINDOWS\SYSTEM32\WINMMBASE.dll
0x00007ff982940000 - 0x00007ff98298a000 	C:\WINDOWS\System32\cfgmgr32.dll
0x00007ff97fba0000 - 0x00007ff97fbaf000 	C:\Program Files\Java\jre-10.0.1\bin\verify.dll
0x00007ff980600000 - 0x00007ff9807c8000 	C:\WINDOWS\SYSTEM32\DBGHELP.DLL
0x00007ff972220000 - 0x00007ff972249000 	C:\WINDOWS\SYSTEM32\dbgcore.DLL
0x00007ff9714c0000 - 0x00007ff9714e7000 	C:\Program Files\Java\jre-10.0.1\bin\java.dll
0x00007ff96e790000 - 0x00007ff96e7c6000 	C:\Program Files\Java\jre-10.0.1\bin\jdwp.dll
0x00007ff976d30000 - 0x00007ff976d46000 	C:\Program Files\Java\jre-10.0.1\bin\zip.dll
0x00007ff97d920000 - 0x00007ff97d92a000 	C:\Program Files\Java\jre-10.0.1\bin\jimage.dll
0x00007ff983b80000 - 0x00007ff984fb6000 	C:\WINDOWS\System32\SHELL32.dll
0x00007ff983850000 - 0x00007ff9838f6000 	C:\WINDOWS\System32\shcore.dll
0x00007ff981cb0000 - 0x00007ff9823f7000 	C:\WINDOWS\System32\windows.storage.dll
0x00007ff985590000 - 0x00007ff9855e1000 	C:\WINDOWS\System32\shlwapi.dll
0x00007ff981a30000 - 0x00007ff981a41000 	C:\WINDOWS\System32\kernel.appcore.dll
0x00007ff9819e0000 - 0x00007ff981a2c000 	C:\WINDOWS\System32\powrprof.dll
0x00007ff981a50000 - 0x00007ff981a6b000 	C:\WINDOWS\System32\profapi.dll
0x00007ff976c20000 - 0x00007ff976c2a000 	C:\Program Files\Java\jre-10.0.1\bin\dt_socket.dll
0x00007ff981210000 - 0x00007ff981276000 	C:\WINDOWS\System32\mswsock.dll
0x00007ff980fe0000 - 0x00007ff981096000 	C:\WINDOWS\SYSTEM32\DNSAPI.dll
0x00007ff985550000 - 0x00007ff985558000 	C:\WINDOWS\System32\NSI.dll
0x00007ff980fa0000 - 0x00007ff980fd9000 	C:\WINDOWS\SYSTEM32\IPHLPAPI.DLL
0x00007ff97acb0000 - 0x00007ff97ad20000 	C:\WINDOWS\System32\fwpuclnt.dll
0x00007ff9814e0000 - 0x00007ff981505000 	C:\WINDOWS\SYSTEM32\bcrypt.dll
0x00007ff97a950000 - 0x00007ff97a95a000 	C:\Windows\System32\rasadhlp.dll

dbghelp: loaded successfully - version: 4.0.5 - missing functions: none
symbol engine: initialized successfully - sym options: 0x614 - pdb path: .;C:\Program Files\Java\jre-10.0.1\bin;C:\WINDOWS\SYSTEM32;C:\WINDOWS\WinSxS\amd64_microsoft.windows.common-controls_6595b64144ccf1df_6.0.16299.371_none_15c7d1789365a290;C:\Program Files\Java\jre-10.0.1\bin\server

VM Arguments:
jvm_args: -agentlib:jdwp=transport=dt_socket,suspend=y,address=localhost:60187 -Dfile.encoding=GBK 
java_command: RunLengthEncoding
java_class_path (initial): C:\Users\jeanb\Desktop\OnlineCourses\UCBerkely_CS61B_Data_Structures\Homework and Projects\pj1;C:\Users\jeanb\Desktop\OnlineCourses\UCBerkely_CS61B_Data_Structures\Homework and Projects\pj1\jai_codec.jar;C:\Users\jeanb\Desktop\OnlineCourses\UCBerkely_CS61B_Data_Structures\Homework and Projects\pj1\jai_core.jar
Launcher Type: SUN_STANDARD

Logging:
Log output configuration:
#0: stdout all=warning uptime,level,tags
#1: stderr all=off uptime,level,tags

Environment Variables:
JAVA_HOME=C:\Program Files\Java\jdk-10.0.1
PATH=C:\Program Files (x86)\Common Files\Oracle\Java\javapath;C:\Program Files\Java\jdk-10.0.1\bin;C:\Users\jeanb\AppData\Local\Programs\Python\Python36-32;C:\Program Files (x86)\Java\jre1.8.0_171;C:\WINDOWS\system32;C:\WINDOWS;C:\WINDOWS\System32\Wbem;C:\WINDOWS\System32\WindowsPowerShell\v1.0\;C:\TDM-GCC-64\bin;C:\Program Files\Git\cmd;C:\Program Files\CMake\bin;C:\Users\jeanb\AppData\Local\Programs\Python\Python36-32;C:\Program Files\MATLAB\R2014a\runtime\win64;C:\Program Files\MATLAB\R2014a\bin;C:\Program Files\MATLAB\R2014a\polyspace\bin;"C:\Users\jeanb\AppData\Local\Microsoft\WindowsApps;C:\Program Files\CMake\bin;C:\Users\jeanb\AppData\Local\Programs\Python\Python36-32";C:\TDM-GCC-64\bin;;C:\Users\jeanb\AppData\Local\Microsoft\WindowsApps
USERNAME=jeanb
OS=Windows_NT
PROCESSOR_IDENTIFIER=Intel64 Family 6 Model 142 Stepping 9, GenuineIntel



---------------  S Y S T E M  ---------------

OS: Windows 10 , 64 bit Build 16299 (10.0.16299.15)

CPU:total 4 (initial active 4) (2 cores per cpu, 2 threads per core) family 6 model 142 stepping 9, cmov, cx8, fxsr, mmx, sse, sse2, sse3, ssse3, sse4.1, sse4.2, popcnt, avx, avx2, aes, clmul, erms, 3dnowpref, lzcnt, ht, tsc, tscinvbit, bmi1, bmi2, adx, fma

Memory: 4k page, physical 8260324k(1131108k free), swap 31850264k(1999144k free)

vm_info: Java HotSpot(TM) 64-Bit Server VM (10.0.1+10) for windows-amd64 JRE (10.0.1+10), built on Mar 27 2018 02:27:48 by "mach5one" with MS VC++ 12.0 (VS2013)

END.
